Log file produced by: Storyboard Pro (StoryboardPro.exe) version 17.10.1 build 15476 2020-01-31 14:58:30
﻿2020-09-22 21:41:03;ACTION;begin accum Create Drawing (CO_CommandManager.cpp,241)
﻿2020-09-22 21:41:03;ACTION;end accum (CO_CommandManager.cpp,325)
﻿2020-09-22 21:41:03;ACTION;end accum (CO_CommandManager.cpp,325)
﻿2020-09-22 21:41:03;ACTION;end accum (CO_CommandManager.cpp,325)
﻿2020-09-22 21:41:04;ACTION;Start unexecute depth 1 (CO_CommandManager.cpp,580)
﻿  2020-09-22 21:41:04;ACTION;Start execute Create Drawing  (class CO_Command * __ptr64) (CO_CommandManager.cpp,594)
﻿  2020-09-22 21:41:04;ACTION;End execute Create Drawing  (class CO_Command * __ptr64) (CO_CommandManager.cpp,594)
﻿2020-09-22 21:41:04;ACTION;End unexecute depth 1 (CO_CommandManager.cpp,580)
﻿2020-09-22 21:41:06;ACTION;begin accum Create Drawing (CO_CommandManager.cpp,241)
﻿2020-09-22 21:41:06;ACTION;end accum (CO_CommandManager.cpp,325)
﻿2020-09-22 21:41:06;ACTION;end accum (CO_CommandManager.cpp,325)
﻿2020-09-22 21:41:06;ACTION;end accum (CO_CommandManager.cpp,325)
﻿2020-09-22 21:41:06;ACTION;begin accum Drawing Tool (CO_CommandManager.cpp,241)
﻿2020-09-22 21:41:06;ACTION;end accum (CO_CommandManager.cpp,325)
﻿2020-09-22 21:41:06;ACTION;begin accum  (CO_CommandManager.cpp,241)
﻿2020-09-22 21:41:06;ACTION;end accum (CO_CommandManager.cpp,325)
﻿2020-09-22 21:41:06;ACTION;end accum (CO_CommandManager.cpp,325)
﻿2020-09-22 21:41:08;ACTION;begin accum Drawing Tool (CO_CommandManager.cpp,241)
﻿2020-09-22 21:41:08;ACTION;end accum (CO_CommandManager.cpp,325)
﻿2020-09-22 21:41:08;ACTION;begin accum  (CO_CommandManager.cpp,241)
﻿2020-09-22 21:41:08;ACTION;end accum (CO_CommandManager.cpp,325)
﻿2020-09-22 21:41:08;ACTION;end accum (CO_CommandManager.cpp,325)
﻿2020-09-22 21:41:08;ACTION;Start unexecute depth 1 (CO_CommandManager.cpp,580)
﻿  2020-09-22 21:41:08;ACTION;Start execute Brush Tool  (class CO_Command * __ptr64) (CO_CommandManager.cpp,594)
﻿  2020-09-22 21:41:08;ACTION;End execute Brush Tool  (class CO_Command * __ptr64) (CO_CommandManager.cpp,594)
﻿2020-09-22 21:41:08;ACTION;End unexecute depth 1 (CO_CommandManager.cpp,580)
﻿2020-09-22 21:41:08;ACTION;Start unexecute depth 1 (CO_CommandManager.cpp,580)
﻿  2020-09-22 21:41:08;ACTION;Start execute Brush Tool  (class CO_Command * __ptr64) (CO_CommandManager.cpp,594)
﻿  2020-09-22 21:41:08;ACTION;End execute Brush Tool  (class CO_Command * __ptr64) (CO_CommandManager.cpp,594)
﻿2020-09-22 21:41:08;ACTION;End unexecute depth 1 (CO_CommandManager.cpp,580)
﻿2020-09-22 21:41:09;ACTION;Start unexecute depth 1 (CO_CommandManager.cpp,580)
﻿  2020-09-22 21:41:09;ACTION;Start execute Create Drawing  (class CO_Command * __ptr64) (CO_CommandManager.cpp,594)
﻿  2020-09-22 21:41:09;ACTION;End execute Create Drawing  (class CO_Command * __ptr64) (CO_CommandManager.cpp,594)
﻿2020-09-22 21:41:09;ACTION;End unexecute depth 1 (CO_CommandManager.cpp,580)
﻿2020-09-22 21:41:11;ACTION;begin accum Create Drawing (CO_CommandManager.cpp,241)
﻿2020-09-22 21:41:11;ACTION;end accum (CO_CommandManager.cpp,325)
﻿2020-09-22 21:41:11;ACTION;end accum (CO_CommandManager.cpp,325)
﻿2020-09-22 21:41:11;ACTION;end accum (CO_CommandManager.cpp,325)
﻿2020-09-22 21:41:12;ACTION;Start unexecute depth 1 (CO_CommandManager.cpp,580)
﻿  2020-09-22 21:41:12;ACTION;Start execute Create Drawing  (class CO_Command * __ptr64) (CO_CommandManager.cpp,594)
﻿  2020-09-22 21:41:12;ACTION;End execute Create Drawing  (class CO_Command * __ptr64) (CO_CommandManager.cpp,594)
﻿2020-09-22 21:41:12;ACTION;End unexecute depth 1 (CO_CommandManager.cpp,580)
﻿2020-09-22 21:41:14;ACTION;begin accum Create Drawing (CO_CommandManager.cpp,241)
﻿2020-09-22 21:41:14;ACTION;end accum (CO_CommandManager.cpp,325)
﻿2020-09-22 21:41:14;ACTION;end accum (CO_CommandManager.cpp,325)
﻿2020-09-22 21:41:14;ACTION;end accum (CO_CommandManager.cpp,325)
﻿2020-09-22 21:41:15;ACTION;Start unexecute depth 1 (CO_CommandManager.cpp,580)
﻿  2020-09-22 21:41:15;ACTION;Start execute Create Drawing  (class CO_Command * __ptr64) (CO_CommandManager.cpp,594)
﻿  2020-09-22 21:41:15;ACTION;End execute Create Drawing  (class CO_Command * __ptr64) (CO_CommandManager.cpp,594)
﻿2020-09-22 21:41:15;ACTION;End unexecute depth 1 (CO_CommandManager.cpp,580)
﻿2020-09-22 21:41:21;ACTION;begin accum Create Drawing (CO_CommandManager.cpp,241)
﻿2020-09-22 21:41:21;ACTION;end accum (CO_CommandManager.cpp,325)
﻿2020-09-22 21:41:21;ACTION;end accum (CO_CommandManager.cpp,325)
﻿2020-09-22 21:41:21;ACTION;end accum (CO_CommandManager.cpp,325)
﻿2020-09-22 21:41:22;ACTION;Start unexecute depth 1 (CO_CommandManager.cpp,580)
﻿  2020-09-22 21:41:22;ACTION;Start execute Create Drawing  (class CO_Command * __ptr64) (CO_CommandManager.cpp,594)
﻿  2020-09-22 21:41:22;ACTION;End execute Create Drawing  (class CO_Command * __ptr64) (CO_CommandManager.cpp,594)
﻿2020-09-22 21:41:22;ACTION;End unexecute depth 1 (CO_CommandManager.cpp,580)
﻿2020-09-22 21:41:23;ACTION;begin accum Create Drawing (CO_CommandManager.cpp,241)
﻿2020-09-22 21:41:23;ACTION;end accum (CO_CommandManager.cpp,325)
﻿2020-09-22 21:41:23;ACTION;end accum (CO_CommandManager.cpp,325)
﻿2020-09-22 21:41:23;ACTION;end accum (CO_CommandManager.cpp,325)
﻿2020-09-22 21:41:23;ACTION;begin accum Drawing Tool (CO_CommandManager.cpp,241)
﻿2020-09-22 21:41:23;ACTION;end accum (CO_CommandManager.cpp,325)
﻿2020-09-22 21:41:23;ACTION;begin accum  (CO_CommandManager.cpp,241)
﻿2020-09-22 21:41:23;ACTION;end accum (CO_CommandManager.cpp,325)
﻿2020-09-22 21:41:23;ACTION;end accum (CO_CommandManager.cpp,325)
﻿2020-09-22 21:41:24;ACTION;Start unexecute depth 1 (CO_CommandManager.cpp,580)
﻿  2020-09-22 21:41:24;ACTION;Start execute Brush Tool  (class CO_Command * __ptr64) (CO_CommandManager.cpp,594)
﻿  2020-09-22 21:41:24;ACTION;End execute Brush Tool  (class CO_Command * __ptr64) (CO_CommandManager.cpp,594)
﻿2020-09-22 21:41:24;ACTION;End unexecute depth 1 (CO_CommandManager.cpp,580)
﻿2020-09-22 21:41:24;ACTION;Start unexecute depth 1 (CO_CommandManager.cpp,580)
﻿  2020-09-22 21:41:24;ACTION;Start execute Create Drawing  (class CO_Command * __ptr64) (CO_CommandManager.cpp,594)
﻿  2020-09-22 21:41:24;ACTION;End execute Create Drawing  (class CO_Command * __ptr64) (CO_CommandManager.cpp,594)
﻿2020-09-22 21:41:24;ACTION;End unexecute depth 1 (CO_CommandManager.cpp,580)
﻿2020-09-22 21:41:34;ACTION;begin accum Create Drawing (CO_CommandManager.cpp,241)
﻿2020-09-22 21:41:34;ACTION;end accum (CO_CommandManager.cpp,325)
﻿2020-09-22 21:41:34;ACTION;end accum (CO_CommandManager.cpp,325)
﻿2020-09-22 21:41:34;ACTION;end accum (CO_CommandManager.cpp,325)
﻿2020-09-22 21:41:34;ACTION;begin accum Drawing Tool (CO_CommandManager.cpp,241)
﻿2020-09-22 21:41:34;ACTION;end accum (CO_CommandManager.cpp,325)
﻿2020-09-22 21:41:34;ACTION;begin accum  (CO_CommandManager.cpp,241)
﻿2020-09-22 21:41:34;ACTION;end accum (CO_CommandManager.cpp,325)
﻿2020-09-22 21:41:34;ACTION;end accum (CO_CommandManager.cpp,325)
﻿2020-09-22 21:41:35;ACTION;Start unexecute depth 1 (CO_CommandManager.cpp,580)
﻿  2020-09-22 21:41:35;ACTION;Start execute Brush Tool  (class CO_Command * __ptr64) (CO_CommandManager.cpp,594)
﻿  2020-09-22 21:41:35;ACTION;End execute Brush Tool  (class CO_Command * __ptr64) (CO_CommandManager.cpp,594)
﻿2020-09-22 21:41:35;ACTION;End unexecute depth 1 (CO_CommandManager.cpp,580)
﻿2020-09-22 21:41:35;ACTION;Start unexecute depth 1 (CO_CommandManager.cpp,580)
﻿  2020-09-22 21:41:35;ACTION;Start execute Create Drawing  (class CO_Command * __ptr64) (CO_CommandManager.cpp,594)
﻿  2020-09-22 21:41:35;ACTION;End execute Create Drawing  (class CO_Command * __ptr64) (CO_CommandManager.cpp,594)
﻿2020-09-22 21:41:35;ACTION;End unexecute depth 1 (CO_CommandManager.cpp,580)
﻿2020-09-22 21:41:36;ACTION;begin accum Create Drawing (CO_CommandManager.cpp,241)
﻿2020-09-22 21:41:36;ACTION;end accum (CO_CommandManager.cpp,325)
﻿2020-09-22 21:41:36;ACTION;end accum (CO_CommandManager.cpp,325)
﻿2020-09-22 21:41:36;ACTION;end accum (CO_CommandManager.cpp,325)
﻿2020-09-22 21:41:37;ACTION;begin accum Drawing Tool (CO_CommandManager.cpp,241)
﻿2020-09-22 21:41:37;ACTION;end accum (CO_CommandManager.cpp,325)
﻿2020-09-22 21:41:37;ACTION;begin accum  (CO_CommandManager.cpp,241)
﻿2020-09-22 21:41:37;ACTION;end accum (CO_CommandManager.cpp,325)
﻿2020-09-22 21:41:37;ACTION;end accum (CO_CommandManager.cpp,325)
﻿2020-09-22 21:41:37;ACTION;Start unexecute depth 1 (CO_CommandManager.cpp,580)
﻿  2020-09-22 21:41:37;ACTION;Start execute Brush Tool  (class CO_Command * __ptr64) (CO_CommandManager.cpp,594)
﻿  2020-09-22 21:41:37;ACTION;End execute Brush Tool  (class CO_Command * __ptr64) (CO_CommandManager.cpp,594)
﻿2020-09-22 21:41:37;ACTION;End unexecute depth 1 (CO_CommandManager.cpp,580)
﻿2020-09-22 21:41:37;ACTION;Start unexecute depth 1 (CO_CommandManager.cpp,580)
﻿  2020-09-22 21:41:37;ACTION;Start execute Create Drawing  (class CO_Command * __ptr64) (CO_CommandManager.cpp,594)
﻿  2020-09-22 21:41:37;ACTION;End execute Create Drawing  (class CO_Command * __ptr64) (CO_CommandManager.cpp,594)
﻿2020-09-22 21:41:37;ACTION;End unexecute depth 1 (CO_CommandManager.cpp,580)
﻿2020-09-22 21:41:40;ACTION;begin accum Create Drawing (CO_CommandManager.cpp,241)
﻿2020-09-22 21:41:40;ACTION;end accum (CO_CommandManager.cpp,325)
﻿2020-09-22 21:41:40;ACTION;end accum (CO_CommandManager.cpp,325)
﻿2020-09-22 21:41:40;ACTION;end accum (CO_CommandManager.cpp,325)
﻿2020-09-22 21:41:40;ACTION;begin accum Drawing Tool (CO_CommandManager.cpp,241)
﻿2020-09-22 21:41:40;ACTION;end accum (CO_CommandManager.cpp,325)
﻿2020-09-22 21:41:40;ACTION;begin accum  (CO_CommandManager.cpp,241)
﻿2020-09-22 21:41:40;ACTION;end accum (CO_CommandManager.cpp,325)
﻿2020-09-22 21:41:40;ACTION;end accum (CO_CommandManager.cpp,325)
﻿2020-09-22 21:41:40;ACTION;Start unexecute depth 1 (CO_CommandManager.cpp,580)
﻿  2020-09-22 21:41:40;ACTION;Start execute Brush Tool  (class CO_Command * __ptr64) (CO_CommandManager.cpp,594)
﻿  2020-09-22 21:41:40;ACTION;End execute Brush Tool  (class CO_Command * __ptr64) (CO_CommandManager.cpp,594)
﻿2020-09-22 21:41:40;ACTION;End unexecute depth 1 (CO_CommandManager.cpp,580)
﻿2020-09-22 21:41:40;ACTION;Start unexecute depth 1 (CO_CommandManager.cpp,580)
﻿  2020-09-22 21:41:40;ACTION;Start execute Create Drawing  (class CO_Command * __ptr64) (CO_CommandManager.cpp,594)
﻿  2020-09-22 21:41:40;ACTION;End execute Create Drawing  (class CO_Command * __ptr64) (CO_CommandManager.cpp,594)
﻿2020-09-22 21:41:40;ACTION;End unexecute depth 1 (CO_CommandManager.cpp,580)
﻿2020-09-22 21:41:42;ACTION;begin accum Create Drawing (CO_CommandManager.cpp,241)
﻿2020-09-22 21:41:42;ACTION;end accum (CO_CommandManager.cpp,325)
﻿2020-09-22 21:41:42;ACTION;end accum (CO_CommandManager.cpp,325)
﻿2020-09-22 21:41:42;ACTION;end accum (CO_CommandManager.cpp,325)
﻿2020-09-22 21:41:43;ACTION;begin accum Drawing Tool (CO_CommandManager.cpp,241)
﻿2020-09-22 21:41:43;ACTION;end accum (CO_CommandManager.cpp,325)
﻿2020-09-22 21:41:43;ACTION;begin accum  (CO_CommandManager.cpp,241)
﻿2020-09-22 21:41:43;ACTION;end accum (CO_CommandManager.cpp,325)
﻿2020-09-22 21:41:43;ACTION;end accum (CO_CommandManager.cpp,325)
﻿2020-09-22 21:41:43;ACTION;Start unexecute depth 1 (CO_CommandManager.cpp,580)
﻿  2020-09-22 21:41:43;ACTION;Start execute Brush Tool  (class CO_Command * __ptr64) (CO_CommandManager.cpp,594)
﻿  2020-09-22 21:41:43;ACTION;End execute Brush Tool  (class CO_Command * __ptr64) (CO_CommandManager.cpp,594)
﻿2020-09-22 21:41:43;ACTION;End unexecute depth 1 (CO_CommandManager.cpp,580)
﻿2020-09-22 21:41:43;ACTION;Start unexecute depth 1 (CO_CommandManager.cpp,580)
﻿  2020-09-22 21:41:43;ACTION;Start execute Create Drawing  (class CO_Command * __ptr64) (CO_CommandManager.cpp,594)
﻿  2020-09-22 21:41:43;ACTION;End execute Create Drawing  (class CO_Command * __ptr64) (CO_CommandManager.cpp,594)
﻿2020-09-22 21:41:43;ACTION;End unexecute depth 1 (CO_CommandManager.cpp,580)
﻿2020-09-22 21:41:52;ACTION;begin accum Create Drawing (CO_CommandManager.cpp,241)
﻿2020-09-22 21:41:52;ACTION;end accum (CO_CommandManager.cpp,325)
﻿2020-09-22 21:41:52;ACTION;end accum (CO_CommandManager.cpp,325)
﻿2020-09-22 21:41:52;ACTION;end accum (CO_CommandManager.cpp,325)
﻿2020-09-22 21:41:53;ACTION;begin accum Drawing Tool (CO_CommandManager.cpp,241)
﻿2020-09-22 21:41:53;ACTION;end accum (CO_CommandManager.cpp,325)
﻿2020-09-22 21:41:53;ACTION;begin accum  (CO_CommandManager.cpp,241)
﻿2020-09-22 21:41:53;ACTION;end accum (CO_CommandManager.cpp,325)
﻿2020-09-22 21:41:53;ACTION;end accum (CO_CommandManager.cpp,325)
﻿2020-09-22 21:41:54;ACTION;Start unexecute depth 1 (CO_CommandManager.cpp,580)
﻿  2020-09-22 21:41:54;ACTION;Start execute Brush Tool  (class CO_Command * __ptr64) (CO_CommandManager.cpp,594)
﻿  2020-09-22 21:41:54;ACTION;End execute Brush Tool  (class CO_Command * __ptr64) (CO_CommandManager.cpp,594)
﻿2020-09-22 21:41:54;ACTION;End unexecute depth 1 (CO_CommandManager.cpp,580)
﻿2020-09-22 21:41:54;ACTION;Start unexecute depth 1 (CO_CommandManager.cpp,580)
﻿  2020-09-22 21:41:54;ACTION;Start execute Create Drawing  (class CO_Command * __ptr64) (CO_CommandManager.cpp,594)
﻿  2020-09-22 21:41:54;ACTION;End execute Create Drawing  (class CO_Command * __ptr64) (CO_CommandManager.cpp,594)
﻿2020-09-22 21:41:54;ACTION;End unexecute depth 1 (CO_CommandManager.cpp,580)
﻿2020-09-22 21:42:08;ACTION;begin accum Create Drawing (CO_CommandManager.cpp,241)
﻿2020-09-22 21:42:08;ACTION;end accum (CO_CommandManager.cpp,325)
﻿2020-09-22 21:42:08;ACTION;end accum (CO_CommandManager.cpp,325)
﻿2020-09-22 21:42:08;ACTION;end accum (CO_CommandManager.cpp,325)
﻿2020-09-22 21:42:09;ACTION;begin accum Drawing Tool (CO_CommandManager.cpp,241)
﻿2020-09-22 21:42:09;ACTION;end accum (CO_CommandManager.cpp,325)
﻿2020-09-22 21:42:09;ACTION;begin accum  (CO_CommandManager.cpp,241)
﻿2020-09-22 21:42:09;ACTION;end accum (CO_CommandManager.cpp,325)
﻿2020-09-22 21:42:09;ACTION;end accum (CO_CommandManager.cpp,325)
﻿2020-09-22 21:42:09;ACTION;begin accum Drawing Tool (CO_CommandManager.cpp,241)
﻿2020-09-22 21:42:09;ACTION;end accum (CO_CommandManager.cpp,325)
﻿2020-09-22 21:42:09;ACTION;begin accum  (CO_CommandManager.cpp,241)
﻿2020-09-22 21:42:09;ACTION;end accum (CO_CommandManager.cpp,325)
﻿2020-09-22 21:42:09;ACTION;end accum (CO_CommandManager.cpp,325)
﻿2020-09-22 21:42:10;ACTION;Start unexecute depth 1 (CO_CommandManager.cpp,580)
﻿  2020-09-22 21:42:10;ACTION;Start execute Brush Tool  (class CO_Command * __ptr64) (CO_CommandManager.cpp,594)
﻿  2020-09-22 21:42:10;ACTION;End execute Brush Tool  (class CO_Command * __ptr64) (CO_CommandManager.cpp,594)
﻿2020-09-22 21:42:10;ACTION;End unexecute depth 1 (CO_CommandManager.cpp,580)
﻿2020-09-22 21:42:10;ACTION;Start unexecute depth 1 (CO_CommandManager.cpp,580)
﻿  2020-09-22 21:42:10;ACTION;Start execute Brush Tool  (class CO_Command * __ptr64) (CO_CommandManager.cpp,594)
﻿  2020-09-22 21:42:10;ACTION;End execute Brush Tool  (class CO_Command * __ptr64) (CO_CommandManager.cpp,594)
﻿2020-09-22 21:42:10;ACTION;End unexecute depth 1 (CO_CommandManager.cpp,580)
﻿2020-09-22 21:42:11;ACTION;Start unexecute depth 1 (CO_CommandManager.cpp,580)
﻿  2020-09-22 21:42:11;ACTION;Start execute Create Drawing  (class CO_Command * __ptr64) (CO_CommandManager.cpp,594)
﻿  2020-09-22 21:42:11;ACTION;End execute Create Drawing  (class CO_Command * __ptr64) (CO_CommandManager.cpp,594)
﻿2020-09-22 21:42:11;ACTION;End unexecute depth 1 (CO_CommandManager.cpp,580)
﻿2020-09-22 21:42:13;ACTION;begin accum Create Drawing (CO_CommandManager.cpp,241)
﻿2020-09-22 21:42:13;ACTION;end accum (CO_CommandManager.cpp,325)
﻿2020-09-22 21:42:13;ACTION;end accum (CO_CommandManager.cpp,325)
﻿2020-09-22 21:42:13;ACTION;end accum (CO_CommandManager.cpp,325)
﻿2020-09-22 21:42:13;ACTION;begin accum Drawing Tool (CO_CommandManager.cpp,241)
﻿2020-09-22 21:42:13;ACTION;end accum (CO_CommandManager.cpp,325)
﻿2020-09-22 21:42:13;ACTION;begin accum  (CO_CommandManager.cpp,241)
﻿2020-09-22 21:42:13;ACTION;end accum (CO_CommandManager.cpp,325)
﻿2020-09-22 21:42:13;ACTION;end accum (CO_CommandManager.cpp,325)
﻿2020-09-22 21:42:14;ACTION;Start unexecute depth 1 (CO_CommandManager.cpp,580)
﻿  2020-09-22 21:42:14;ACTION;Start execute Brush Tool  (class CO_Command * __ptr64) (CO_CommandManager.cpp,594)
﻿  2020-09-22 21:42:14;ACTION;End execute Brush Tool  (class CO_Command * __ptr64) (CO_CommandManager.cpp,594)
﻿2020-09-22 21:42:14;ACTION;End unexecute depth 1 (CO_CommandManager.cpp,580)
﻿2020-09-22 21:42:14;ACTION;Start unexecute depth 1 (CO_CommandManager.cpp,580)
﻿  2020-09-22 21:42:14;ACTION;Start execute Create Drawing  (class CO_Command * __ptr64) (CO_CommandManager.cpp,594)
﻿  2020-09-22 21:42:14;ACTION;End execute Create Drawing  (class CO_Command * __ptr64) (CO_CommandManager.cpp,594)
﻿2020-09-22 21:42:14;ACTION;End unexecute depth 1 (CO_CommandManager.cpp,580)
﻿2020-09-22 21:42:16;ACTION;begin accum Create Drawing (CO_CommandManager.cpp,241)
﻿2020-09-22 21:42:16;ACTION;end accum (CO_CommandManager.cpp,325)
﻿2020-09-22 21:42:16;ACTION;end accum (CO_CommandManager.cpp,325)
﻿2020-09-22 21:42:16;ACTION;end accum (CO_CommandManager.cpp,325)
﻿2020-09-22 21:42:16;ACTION;begin accum Drawing Tool (CO_CommandManager.cpp,241)
﻿2020-09-22 21:42:16;ACTION;end accum (CO_CommandManager.cpp,325)
﻿2020-09-22 21:42:16;ACTION;begin accum  (CO_CommandManager.cpp,241)
﻿2020-09-22 21:42:16;ACTION;end accum (CO_CommandManager.cpp,325)
﻿2020-09-22 21:42:16;ACTION;end accum (CO_CommandManager.cpp,325)
﻿2020-09-22 21:42:16;ACTION;begin accum Drawing Tool (CO_CommandManager.cpp,241)
﻿2020-09-22 21:42:16;ACTION;end accum (CO_CommandManager.cpp,325)
﻿2020-09-22 21:42:16;ACTION;begin accum  (CO_CommandManager.cpp,241)
﻿2020-09-22 21:42:16;ACTION;end accum (CO_CommandManager.cpp,325)
﻿2020-09-22 21:42:16;ACTION;end accum (CO_CommandManager.cpp,325)
﻿2020-09-22 21:42:17;ACTION;Start unexecute depth 1 (CO_CommandManager.cpp,580)
﻿  2020-09-22 21:42:17;ACTION;Start execute Brush Tool  (class CO_Command * __ptr64) (CO_CommandManager.cpp,594)
﻿  2020-09-22 21:42:17;ACTION;End execute Brush Tool  (class CO_Command * __ptr64) (CO_CommandManager.cpp,594)
﻿2020-09-22 21:42:17;ACTION;End unexecute depth 1 (CO_CommandManager.cpp,580)
﻿2020-09-22 21:42:17;ACTION;Start unexecute depth 1 (CO_CommandManager.cpp,580)
﻿  2020-09-22 21:42:17;ACTION;Start execute Brush Tool  (class CO_Command * __ptr64) (CO_CommandManager.cpp,594)
﻿  2020-09-22 21:42:17;ACTION;End execute Brush Tool  (class CO_Command * __ptr64) (CO_CommandManager.cpp,594)
﻿2020-09-22 21:42:17;ACTION;End unexecute depth 1 (CO_CommandManager.cpp,580)
﻿2020-09-22 21:42:17;ACTION;Start unexecute depth 1 (CO_CommandManager.cpp,580)
﻿  2020-09-22 21:42:17;ACTION;Start execute Create Drawing  (class CO_Command * __ptr64) (CO_CommandManager.cpp,594)
﻿  2020-09-22 21:42:17;ACTION;End execute Create Drawing  (class CO_Command * __ptr64) (CO_CommandManager.cpp,594)
﻿2020-09-22 21:42:17;ACTION;End unexecute depth 1 (CO_CommandManager.cpp,580)
﻿2020-09-22 21:42:18;ACTION;begin accum Create Drawing (CO_CommandManager.cpp,241)
﻿2020-09-22 21:42:18;ACTION;end accum (CO_CommandManager.cpp,325)
﻿2020-09-22 21:42:18;ACTION;end accum (CO_CommandManager.cpp,325)
﻿2020-09-22 21:42:18;ACTION;end accum (CO_CommandManager.cpp,325)
﻿2020-09-22 21:42:19;ACTION;Start unexecute depth 1 (CO_CommandManager.cpp,580)
﻿  2020-09-22 21:42:19;ACTION;Start execute Create Drawing  (class CO_Command * __ptr64) (CO_CommandManager.cpp,594)
﻿  2020-09-22 21:42:19;ACTION;End execute Create Drawing  (class CO_Command * __ptr64) (CO_CommandManager.cpp,594)
﻿2020-09-22 21:42:19;ACTION;End unexecute depth 1 (CO_CommandManager.cpp,580)
﻿2020-09-22 21:42:29;ACTION;begin accum Create Drawing (CO_CommandManager.cpp,241)
﻿2020-09-22 21:42:29;ACTION;end accum (CO_CommandManager.cpp,325)
﻿2020-09-22 21:42:29;ACTION;end accum (CO_CommandManager.cpp,325)
﻿2020-09-22 21:42:29;ACTION;end accum (CO_CommandManager.cpp,325)
﻿2020-09-22 21:42:29;ACTION;begin accum Drawing Tool (CO_CommandManager.cpp,241)
﻿2020-09-22 21:42:29;ACTION;end accum (CO_CommandManager.cpp,325)
﻿2020-09-22 21:42:29;ACTION;begin accum  (CO_CommandManager.cpp,241)
﻿2020-09-22 21:42:29;ACTION;end accum (CO_CommandManager.cpp,325)
﻿2020-09-22 21:42:29;ACTION;end accum (CO_CommandManager.cpp,325)
﻿2020-09-22 21:42:30;ACTION;begin accum Drawing Tool (CO_CommandManager.cpp,241)
﻿2020-09-22 21:42:30;ACTION;end accum (CO_CommandManager.cpp,325)
﻿2020-09-22 21:42:30;ACTION;begin accum  (CO_CommandManager.cpp,241)
﻿2020-09-22 21:42:30;ACTION;end accum (CO_CommandManager.cpp,325)
﻿2020-09-22 21:42:30;ACTION;end accum (CO_CommandManager.cpp,325)
﻿2020-09-22 21:42:31;ACTION;Start unexecute depth 1 (CO_CommandManager.cpp,580)
﻿  2020-09-22 21:42:31;ACTION;Start execute Brush Tool  (class CO_Command * __ptr64) (CO_CommandManager.cpp,594)
﻿  2020-09-22 21:42:31;ACTION;End execute Brush Tool  (class CO_Command * __ptr64) (CO_CommandManager.cpp,594)
﻿2020-09-22 21:42:31;ACTION;End unexecute depth 1 (CO_CommandManager.cpp,580)
﻿2020-09-22 21:42:31;ACTION;Start unexecute depth 1 (CO_CommandManager.cpp,580)
﻿  2020-09-22 21:42:31;ACTION;Start execute Brush Tool  (class CO_Command * __ptr64) (CO_CommandManager.cpp,594)
﻿  2020-09-22 21:42:31;ACTION;End execute Brush Tool  (class CO_Command * __ptr64) (CO_CommandManager.cpp,594)
﻿2020-09-22 21:42:31;ACTION;End unexecute depth 1 (CO_CommandManager.cpp,580)
﻿2020-09-22 21:42:32;ACTION;Start unexecute depth 1 (CO_CommandManager.cpp,580)
﻿  2020-09-22 21:42:32;ACTION;Start execute Create Drawing  (class CO_Command * __ptr64) (CO_CommandManager.cpp,594)
﻿  2020-09-22 21:42:32;ACTION;End execute Create Drawing  (class CO_Command * __ptr64) (CO_CommandManager.cpp,594)
﻿2020-09-22 21:42:32;ACTION;End unexecute depth 1 (CO_CommandManager.cpp,580)
﻿2020-09-22 21:42:42;ACTION;Start Optimizing project
﻿  2020-09-22 21:42:43;ACTION;Start Saving project
﻿    2020-09-22 21:42:43;ACTION;Start isSaveProjectPossible (SC_SaveUtil.cpp,226)
﻿      2020-09-22 21:42:43;Create;D:/Github/Production-Studio/Project_1/itsMeowOrNever/itsMeowOrNever.sboard+; OK 
﻿      2020-09-22 21:42:43;Delete;D:/Github/Production-Studio/Project_1/itsMeowOrNever/itsMeowOrNever.sboard+; OK 
﻿    2020-09-22 21:42:43;ACTION;End isSaveProjectPossible (SC_SaveUtil.cpp,226)
﻿    2020-09-22 21:42:43;ACTION;Start isSaveProjectPossible (SC_SaveUtil.cpp,226)
﻿      2020-09-22 21:42:43;Create;D:/Github/Production-Studio/Project_1/itsMeowOrNever/itsMeowOrNever.sboard+; OK 
﻿      2020-09-22 21:42:43;Delete;D:/Github/Production-Studio/Project_1/itsMeowOrNever/itsMeowOrNever.sboard+; OK 
﻿    2020-09-22 21:42:43;ACTION;End isSaveProjectPossible (SC_SaveUtil.cpp,226)
﻿    2020-09-22 21:42:43;ACTION;Start TUElementMgr::writeToVersionAuxFile (tuelementmgr.cpp,1988)
﻿      2020-09-22 21:42:43;Create;D:/Github/Production-Studio/Project_1/itsMeowOrNever/elements; OK 
﻿      2020-09-22 21:42:43;ACTION;TUElementMgr::writeToVersionAuxFile - element: 1-Draw, operation: 1
﻿      2020-09-22 21:42:43;Copy;C:/Users/Claire/AppData/Local/Temp/ToonBoomSessionTempDir/1212/elements/1.e;D:/Github/Production-Studio/Project_1/itsMeowOrNever/elements/Draw OK 
﻿      2020-09-22 21:42:43;Create;D:/Github/Production-Studio/Project_1/itsMeowOrNever/scene.elementTable; OK 
﻿    2020-09-22 21:42:43;ACTION;End TUElementMgr::writeToVersionAuxFile (tuelementmgr.cpp,1988)
﻿    2020-09-22 21:42:43;ACTION;Start saveDrawings - delete drawings (tudrawinglist.cpp,697)
﻿    2020-09-22 21:42:43;ACTION;End saveDrawings - delete drawings (tudrawinglist.cpp,697)
﻿    2020-09-22 21:42:43;ACTION;Start saveDrawings - rename to temp name (tudrawinglist.cpp,731)
﻿    2020-09-22 21:42:43;ACTION;End saveDrawings - rename to temp name (tudrawinglist.cpp,731)
﻿    2020-09-22 21:42:43;ACTION;Start saveDrawings - rename to final name (tudrawinglist.cpp,759)
﻿    2020-09-22 21:42:43;ACTION;End saveDrawings - rename to final name (tudrawinglist.cpp,759)
﻿    2020-09-22 21:42:43;ACTION;Start saveDrawings - copy all drawings from temp to project (tudrawinglist.cpp,797)
﻿    2020-09-22 21:42:43;ACTION;End saveDrawings - copy all drawings from temp to project (tudrawinglist.cpp,797)
﻿    2020-09-22 21:42:43;ACTION;Start saveDrawings - save all modified drawings in memory (tudrawinglist.cpp,855)
﻿    2020-09-22 21:42:43;ACTION;End saveDrawings - save all modified drawings in memory (tudrawinglist.cpp,855)
﻿    2020-09-22 21:42:43;ACTION;Start saveProject (SC_SaveUtil.cpp,381)
﻿      2020-09-22 21:42:43;Create;D:/Github/Production-Studio/Project_1/itsMeowOrNever/itsMeowOrNever.sboard+; OK 
﻿      2020-09-22 21:42:43;Rename;D:/Github/Production-Studio/Project_1/itsMeowOrNever/itsMeowOrNever.sboard+;D:/Github/Production-Studio/Project_1/itsMeowOrNever/itsMeowOrNever.sboard OK 
﻿      2020-09-22 21:42:43;ACTION;Start writeToVersionAuxFile (tuelementmgr.cpp,2444)
﻿        2020-09-22 21:42:43;ACTION;Start writeToVersionAuxFile (EM_XMLFileIO.cpp,307)
﻿          2020-09-22 21:42:43;Rename;D:/Github/Production-Studio/Project_1/itsMeowOrNever/itsMeowOrNever.aux+;D:/Github/Production-Studio/Project_1/itsMeowOrNever/itsMeowOrNever.aux OK 
﻿        2020-09-22 21:42:43;ACTION;End writeToVersionAuxFile (EM_XMLFileIO.cpp,307)
﻿      2020-09-22 21:42:43;ACTION;End writeToVersionAuxFile (tuelementmgr.cpp,2444)
﻿    2020-09-22 21:42:43;ACTION;End saveProject (SC_SaveUtil.cpp,381)
﻿    2020-09-22 21:42:43;ACTION;Start writeToDrawingVersionAuxFile (EM_XMLFileIO.cpp,454)
﻿    2020-09-22 21:42:43;ACTION;End writeToDrawingVersionAuxFile (EM_XMLFileIO.cpp,454)
﻿    2020-09-22 21:42:43;Create;D:/Github/Production-Studio/Project_1/itsMeowOrNever/palette-library/itsMeowOrNever.plt+; OK 
﻿    2020-09-22 21:42:43;Rename;D:/Github/Production-Studio/Project_1/itsMeowOrNever/palette-library/itsMeowOrNever.plt;itsMeowOrNever.plt~ OK 
﻿    2020-09-22 21:42:43;Rename;D:/Github/Production-Studio/Project_1/itsMeowOrNever/palette-library/itsMeowOrNever.plt+;itsMeowOrNever.plt OK 
﻿    2020-09-22 21:42:43;Create;D:/Github/Production-Studio/Project_1/itsMeowOrNever/PALETTE_LIST+; OK 
﻿    2020-09-22 21:42:43;Rename;D:/Github/Production-Studio/Project_1/itsMeowOrNever/PALETTE_LIST+;PALETTE_LIST OK 
﻿    2020-09-22 21:42:43;Create;D:/Github/Production-Studio/Project_1/itsMeowOrNever/itsMeowOrNever.sboard.thumbnails; OK 
﻿    2020-09-22 21:42:43;Delete;C:/Users/Claire/AppData/Roaming/Toon Boom Animation/Toon Boom Storyboard Pro/full-17100-pref/Storyboard Pro-pref.xml~; OK 
﻿    2020-09-22 21:42:43;Rename;C:/Users/Claire/AppData/Roaming/Toon Boom Animation/Toon Boom Storyboard Pro/full-17100-pref/Storyboard Pro-pref.xml;Storyboard Pro-pref.xml~ OK 
﻿    2020-09-22 21:42:43;Rename;C:/Users/Claire/AppData/Roaming/Toon Boom Animation/Toon Boom Storyboard Pro/full-17100-pref/Storyboard Pro-pref.xml+;Storyboard Pro-pref.xml OK 
﻿  2020-09-22 21:42:43;ACTION;End Saving project
﻿  2020-09-22 21:42:43;Delete;D:/Github/Production-Studio/Project_1/itsMeowOrNever/environments/Digital; OK 
﻿  2020-09-22 21:42:43;Delete;D:/Github/Production-Studio/Project_1/itsMeowOrNever/environments; OK 
﻿  2020-09-22 21:42:43;Delete;D:/Github/Production-Studio/Project_1/itsMeowOrNever/frames; OK 
﻿  2020-09-22 21:42:43;Delete;D:/Github/Production-Studio/Project_1/itsMeowOrNever/jobs/Digital; OK 
﻿  2020-09-22 21:42:43;Delete;D:/Github/Production-Studio/Project_1/itsMeowOrNever/jobs; OK 
﻿  2020-09-22 21:42:43;Delete;D:/Github/Production-Studio/Project_1/itsMeowOrNever/palette-library/itsMeowOrNever.plt~; OK 
﻿2020-09-22 21:42:44;ACTION;End Optimizing project
﻿2020-09-22 21:43:57;ACTION;begin accum  (CO_CommandManager.cpp,241)
﻿2020-09-22 21:43:57;ACTION;end accum (CO_CommandManager.cpp,325)
﻿2020-09-22 21:43:57;ACTION;end accum (CO_CommandManager.cpp,325)
﻿2020-09-22 21:43:57;ACTION;begin accum  (CO_CommandManager.cpp,241)
﻿2020-09-22 21:43:57;ACTION;end accum (CO_CommandManager.cpp,325)
﻿2020-09-22 21:43:57;ACTION;end accum (CO_CommandManager.cpp,325)
﻿2020-09-22 21:43:58;ACTION;begin accum  (CO_CommandManager.cpp,241)
﻿2020-09-22 21:43:58;ACTION;end accum (CO_CommandManager.cpp,325)
﻿2020-09-22 21:43:58;ACTION;end accum (CO_CommandManager.cpp,325)
﻿2020-09-22 21:44:02;ACTION;begin accum  (CO_CommandManager.cpp,241)
﻿2020-09-22 21:44:02;ACTION;end accum (CO_CommandManager.cpp,325)
﻿2020-09-22 21:44:02;ACTION;end accum (CO_CommandManager.cpp,325)
﻿2020-09-22 21:44:04;ACTION;begin accum Add Panel (CO_CommandManager.cpp,241)
﻿2020-09-22 21:44:04;ACTION;end accum (CO_CommandManager.cpp,325)
﻿2020-09-22 21:44:04;ACTION;end accum (CO_CommandManager.cpp,325)
﻿2020-09-22 21:44:05;ACTION;begin accum Add Panel (CO_CommandManager.cpp,241)
﻿2020-09-22 21:44:05;ACTION;end accum (CO_CommandManager.cpp,325)
﻿2020-09-22 21:44:05;ACTION;end accum (CO_CommandManager.cpp,325)
﻿2020-09-22 21:44:09;ACTION;begin accum Delete Panel (CO_CommandManager.cpp,241)
﻿2020-09-22 21:44:09;ACTION;end accum (CO_CommandManager.cpp,325)
﻿2020-09-22 21:44:09;ACTION;end accum (CO_CommandManager.cpp,325)
﻿2020-09-22 21:44:09;ACTION;end accum (CO_CommandManager.cpp,325)
﻿2020-09-22 21:44:09;ACTION;begin accum Delete Panel (CO_CommandManager.cpp,241)
﻿2020-09-22 21:44:09;ACTION;end accum (CO_CommandManager.cpp,325)
﻿2020-09-22 21:44:09;ACTION;end accum (CO_CommandManager.cpp,325)
﻿2020-09-22 21:44:09;ACTION;end accum (CO_CommandManager.cpp,325)
﻿2020-09-22 21:44:12;ACTION;begin accum  (CO_CommandManager.cpp,241)
﻿2020-09-22 21:44:12;ACTION;end accum (CO_CommandManager.cpp,325)
﻿2020-09-22 21:44:12;ACTION;end accum (CO_CommandManager.cpp,325)
﻿2020-09-22 21:44:12;ACTION;begin accum  (CO_CommandManager.cpp,241)
﻿2020-09-22 21:44:12;ACTION;end accum (CO_CommandManager.cpp,325)
﻿2020-09-22 21:44:12;ACTION;end accum (CO_CommandManager.cpp,325)
﻿2020-09-22 21:44:15;ACTION;begin accum  (CO_CommandManager.cpp,241)
﻿2020-09-22 21:44:15;ACTION;end accum (CO_CommandManager.cpp,325)
﻿2020-09-22 21:44:15;ACTION;end accum (CO_CommandManager.cpp,325)
﻿2020-09-22 21:44:21;ACTION;begin accum  (CO_CommandManager.cpp,241)
﻿2020-09-22 21:44:21;ACTION;end accum (CO_CommandManager.cpp,325)
﻿2020-09-22 21:44:21;ACTION;end accum (CO_CommandManager.cpp,325)
﻿2020-09-22 21:44:40;ACTION;begin accum Create Layer (CO_CommandManager.cpp,241)
﻿2020-09-22 21:44:40;ACTION;end accum (CO_CommandManager.cpp,325)
﻿2020-09-22 21:44:55;ACTION;begin accum Change Layer Name (CO_CommandManager.cpp,241)
﻿2020-09-22 21:44:55;ACTION;end accum (CO_CommandManager.cpp,325)
﻿2020-09-22 21:45:04;ACTION;begin accum Create Layer (CO_CommandManager.cpp,241)
﻿2020-09-22 21:45:04;ACTION;end accum (CO_CommandManager.cpp,325)
﻿2020-09-22 21:45:14;ACTION;begin accum Remove Selected Layers (CO_CommandManager.cpp,241)
﻿2020-09-22 21:45:14;ACTION;end accum (CO_CommandManager.cpp,325)
﻿2020-09-22 21:45:14;ACTION;end accum (CO_CommandManager.cpp,325)
﻿2020-09-22 21:45:14;ACTION;end accum (CO_CommandManager.cpp,325)
﻿2020-09-22 21:45:14;ACTION;end accum (CO_CommandManager.cpp,325)
﻿2020-09-22 21:45:16;ACTION;begin accum  (CO_CommandManager.cpp,241)
﻿2020-09-22 21:45:16;ACTION;end accum (CO_CommandManager.cpp,325)
﻿2020-09-22 21:45:16;ACTION;end accum (CO_CommandManager.cpp,325)
﻿2020-09-22 21:45:16;ACTION;begin accum  (CO_CommandManager.cpp,241)
﻿2020-09-22 21:45:16;ACTION;end accum (CO_CommandManager.cpp,325)
﻿2020-09-22 21:45:16;ACTION;end accum (CO_CommandManager.cpp,325)
﻿2020-09-22 21:45:19;ACTION;begin accum  (CO_CommandManager.cpp,241)
﻿2020-09-22 21:45:19;ACTION;end accum (CO_CommandManager.cpp,325)
﻿2020-09-22 21:45:19;ACTION;end accum (CO_CommandManager.cpp,325)
﻿2020-09-22 21:45:23;ACTION;begin accum Create Drawing (CO_CommandManager.cpp,241)
﻿2020-09-22 21:45:23;ACTION;end accum (CO_CommandManager.cpp,325)
﻿2020-09-22 21:45:23;ACTION;end accum (CO_CommandManager.cpp,325)
﻿2020-09-22 21:45:23;ACTION;end accum (CO_CommandManager.cpp,325)
﻿2020-09-22 21:45:23;ACTION;begin accum Drawing Tool (CO_CommandManager.cpp,241)
﻿2020-09-22 21:45:23;ACTION;end accum (CO_CommandManager.cpp,325)
﻿2020-09-22 21:45:23;ACTION;begin accum  (CO_CommandManager.cpp,241)
﻿2020-09-22 21:45:23;ACTION;end accum (CO_CommandManager.cpp,325)
﻿2020-09-22 21:45:23;ACTION;end accum (CO_CommandManager.cpp,325)
﻿2020-09-22 21:45:24;ACTION;Start unexecute depth 1 (CO_CommandManager.cpp,580)
﻿  2020-09-22 21:45:24;ACTION;Start execute Brush Tool  (class CO_Command * __ptr64) (CO_CommandManager.cpp,594)
﻿  2020-09-22 21:45:24;ACTION;End execute Brush Tool  (class CO_Command * __ptr64) (CO_CommandManager.cpp,594)
﻿2020-09-22 21:45:24;ACTION;End unexecute depth 1 (CO_CommandManager.cpp,580)
﻿2020-09-22 21:45:24;ACTION;Start unexecute depth 1 (CO_CommandManager.cpp,580)
﻿  2020-09-22 21:45:24;ACTION;Start execute Create Drawing  (class CO_Command * __ptr64) (CO_CommandManager.cpp,594)
﻿  2020-09-22 21:45:24;ACTION;End execute Create Drawing  (class CO_Command * __ptr64) (CO_CommandManager.cpp,594)
﻿2020-09-22 21:45:24;ACTION;End unexecute depth 1 (CO_CommandManager.cpp,580)
﻿2020-09-22 21:45:40;ACTION;begin accum Create Drawing (CO_CommandManager.cpp,241)
﻿2020-09-22 21:45:40;ACTION;end accum (CO_CommandManager.cpp,325)
﻿2020-09-22 21:45:40;ACTION;end accum (CO_CommandManager.cpp,325)
﻿2020-09-22 21:45:40;ACTION;end accum (CO_CommandManager.cpp,325)
﻿2020-09-22 21:45:40;ACTION;Start unexecute depth 1 (CO_CommandManager.cpp,580)
﻿  2020-09-22 21:45:40;ACTION;Start execute Create Drawing  (class CO_Command * __ptr64) (CO_CommandManager.cpp,594)
﻿  2020-09-22 21:45:40;ACTION;End execute Create Drawing  (class CO_Command * __ptr64) (CO_CommandManager.cpp,594)
﻿2020-09-22 21:45:41;ACTION;End unexecute depth 1 (CO_CommandManager.cpp,580)
﻿2020-09-22 21:45:45;ACTION;begin accum Create Drawing (CO_CommandManager.cpp,241)
﻿2020-09-22 21:45:45;ACTION;end accum (CO_CommandManager.cpp,325)
﻿2020-09-22 21:45:45;ACTION;end accum (CO_CommandManager.cpp,325)
﻿2020-09-22 21:45:45;ACTION;end accum (CO_CommandManager.cpp,325)
﻿2020-09-22 21:45:46;ACTION;Start unexecute depth 1 (CO_CommandManager.cpp,580)
﻿  2020-09-22 21:45:46;ACTION;Start execute Create Drawing  (class CO_Command * __ptr64) (CO_CommandManager.cpp,594)
﻿  2020-09-22 21:45:46;ACTION;End execute Create Drawing  (class CO_Command * __ptr64) (CO_CommandManager.cpp,594)
﻿2020-09-22 21:45:46;ACTION;End unexecute depth 1 (CO_CommandManager.cpp,580)
﻿2020-09-22 21:45:47;ACTION;begin accum Create Drawing (CO_CommandManager.cpp,241)
﻿2020-09-22 21:45:47;ACTION;end accum (CO_CommandManager.cpp,325)
﻿2020-09-22 21:45:47;ACTION;end accum (CO_CommandManager.cpp,325)
﻿2020-09-22 21:45:47;ACTION;end accum (CO_CommandManager.cpp,325)
﻿2020-09-22 21:45:47;ACTION;Start unexecute depth 1 (CO_CommandManager.cpp,580)
﻿  2020-09-22 21:45:47;ACTION;Start execute Create Drawing  (class CO_Command * __ptr64) (CO_CommandManager.cpp,594)
﻿  2020-09-22 21:45:47;ACTION;End execute Create Drawing  (class CO_Command * __ptr64) (CO_CommandManager.cpp,594)
﻿2020-09-22 21:45:47;ACTION;End unexecute depth 1 (CO_CommandManager.cpp,580)
﻿2020-09-22 21:45:49;ACTION;begin accum Paste Layers (CO_CommandManager.cpp,241)
﻿2020-09-22 21:45:49;ACTION;Start DropModels (DD_System.cpp,1633)
﻿2020-09-22 21:45:49;ACTION;End DropModels (DD_System.cpp,1633)
﻿2020-09-22 21:45:49;ACTION;end accum (CO_CommandManager.cpp,325)
﻿2020-09-22 21:45:51;ACTION;begin accum Create Drawing (CO_CommandManager.cpp,241)
﻿2020-09-22 21:45:51;ACTION;end accum (CO_CommandManager.cpp,325)
﻿2020-09-22 21:45:51;ACTION;end accum (CO_CommandManager.cpp,325)
﻿2020-09-22 21:45:51;ACTION;end accum (CO_CommandManager.cpp,325)
﻿2020-09-22 21:45:53;ACTION;begin accum Remove Selected Layers (CO_CommandManager.cpp,241)
﻿2020-09-22 21:45:53;ACTION;end accum (CO_CommandManager.cpp,325)
﻿2020-09-22 21:45:53;ACTION;end accum (CO_CommandManager.cpp,325)
﻿2020-09-22 21:45:53;ACTION;end accum (CO_CommandManager.cpp,325)
﻿2020-09-22 21:45:53;ACTION;end accum (CO_CommandManager.cpp,325)
﻿2020-09-22 21:45:54;ACTION;begin accum Create Drawing (CO_CommandManager.cpp,241)
﻿2020-09-22 21:45:54;ACTION;end accum (CO_CommandManager.cpp,325)
﻿2020-09-22 21:45:54;ACTION;end accum (CO_CommandManager.cpp,325)
﻿2020-09-22 21:45:54;ACTION;end accum (CO_CommandManager.cpp,325)
﻿2020-09-22 21:45:54;ACTION;begin accum Drawing Tool (CO_CommandManager.cpp,241)
﻿2020-09-22 21:45:54;ACTION;end accum (CO_CommandManager.cpp,325)
﻿2020-09-22 21:45:54;ACTION;begin accum  (CO_CommandManager.cpp,241)
﻿2020-09-22 21:45:54;ACTION;end accum (CO_CommandManager.cpp,325)
﻿2020-09-22 21:45:54;ACTION;end accum (CO_CommandManager.cpp,325)
﻿2020-09-22 21:45:55;ACTION;Start unexecute depth 1 (CO_CommandManager.cpp,580)
﻿  2020-09-22 21:45:55;ACTION;Start execute Brush Tool  (class CO_Command * __ptr64) (CO_CommandManager.cpp,594)
﻿  2020-09-22 21:45:55;ACTION;End execute Brush Tool  (class CO_Command * __ptr64) (CO_CommandManager.cpp,594)
﻿2020-09-22 21:45:55;ACTION;End unexecute depth 1 (CO_CommandManager.cpp,580)
﻿2020-09-22 21:45:55;ACTION;Start unexecute depth 1 (CO_CommandManager.cpp,580)
﻿  2020-09-22 21:45:55;ACTION;Start execute Create Drawing  (class CO_Command * __ptr64) (CO_CommandManager.cpp,594)
﻿  2020-09-22 21:45:55;ACTION;End execute Create Drawing  (class CO_Command * __ptr64) (CO_CommandManager.cpp,594)
﻿2020-09-22 21:45:55;ACTION;End unexecute depth 1 (CO_CommandManager.cpp,580)
﻿2020-09-22 21:46:06;ACTION;begin accum Create Drawing (CO_CommandManager.cpp,241)
﻿2020-09-22 21:46:06;ACTION;end accum (CO_CommandManager.cpp,325)
﻿2020-09-22 21:46:06;ACTION;end accum (CO_CommandManager.cpp,325)
﻿2020-09-22 21:46:06;ACTION;end accum (CO_CommandManager.cpp,325)
﻿2020-09-22 21:46:07;ACTION;Start unexecute depth 1 (CO_CommandManager.cpp,580)
﻿  2020-09-22 21:46:07;ACTION;Start execute Create Drawing  (class CO_Command * __ptr64) (CO_CommandManager.cpp,594)
﻿  2020-09-22 21:46:07;ACTION;End execute Create Drawing  (class CO_Command * __ptr64) (CO_CommandManager.cpp,594)
﻿2020-09-22 21:46:07;ACTION;End unexecute depth 1 (CO_CommandManager.cpp,580)
﻿2020-09-22 21:46:41;ACTION;begin accum Create Drawing (CO_CommandManager.cpp,241)
﻿2020-09-22 21:46:41;ACTION;end accum (CO_CommandManager.cpp,325)
﻿2020-09-22 21:46:41;ACTION;end accum (CO_CommandManager.cpp,325)
﻿2020-09-22 21:46:41;ACTION;end accum (CO_CommandManager.cpp,325)
﻿2020-09-22 21:46:42;ACTION;Start unexecute depth 1 (CO_CommandManager.cpp,580)
﻿  2020-09-22 21:46:42;ACTION;Start execute Create Drawing  (class CO_Command * __ptr64) (CO_CommandManager.cpp,594)
﻿  2020-09-22 21:46:42;ACTION;End execute Create Drawing  (class CO_Command * __ptr64) (CO_CommandManager.cpp,594)
﻿2020-09-22 21:46:42;ACTION;End unexecute depth 1 (CO_CommandManager.cpp,580)
﻿2020-09-22 21:47:17;ACTION;begin accum Create Drawing (CO_CommandManager.cpp,241)
﻿2020-09-22 21:47:17;ACTION;end accum (CO_CommandManager.cpp,325)
﻿2020-09-22 21:47:17;ACTION;end accum (CO_CommandManager.cpp,325)
﻿2020-09-22 21:47:17;ACTION;end accum (CO_CommandManager.cpp,325)
﻿2020-09-22 21:47:18;ACTION;Start unexecute depth 1 (CO_CommandManager.cpp,580)
﻿  2020-09-22 21:47:18;ACTION;Start execute Create Drawing  (class CO_Command * __ptr64) (CO_CommandManager.cpp,594)
﻿  2020-09-22 21:47:18;ACTION;End execute Create Drawing  (class CO_Command * __ptr64) (CO_CommandManager.cpp,594)
﻿2020-09-22 21:47:18;ACTION;End unexecute depth 1 (CO_CommandManager.cpp,580)
﻿2020-09-22 21:48:12;ACTION;begin accum Paste Layers (CO_CommandManager.cpp,241)
﻿2020-09-22 21:48:12;ACTION;Start DropModels (DD_System.cpp,1633)
﻿2020-09-22 21:48:12;ACTION;End DropModels (DD_System.cpp,1633)
﻿2020-09-22 21:48:12;ACTION;end accum (CO_CommandManager.cpp,325)
﻿2020-09-22 21:48:14;ACTION;begin accum Remove Selected Layers (CO_CommandManager.cpp,241)
﻿2020-09-22 21:48:14;ACTION;end accum (CO_CommandManager.cpp,325)
﻿2020-09-22 21:48:14;ACTION;end accum (CO_CommandManager.cpp,325)
﻿2020-09-22 21:48:14;ACTION;end accum (CO_CommandManager.cpp,325)
﻿2020-09-22 21:48:14;ACTION;end accum (CO_CommandManager.cpp,325)
﻿2020-09-22 21:48:19;ACTION;begin accum Create Layer (CO_CommandManager.cpp,241)
﻿2020-09-22 21:48:19;ACTION;end accum (CO_CommandManager.cpp,325)
﻿2020-09-22 21:48:28;ACTION;begin accum Create Drawing (CO_CommandManager.cpp,241)
﻿2020-09-22 21:48:28;ACTION;end accum (CO_CommandManager.cpp,325)
﻿2020-09-22 21:48:28;ACTION;end accum (CO_CommandManager.cpp,325)
﻿2020-09-22 21:48:28;ACTION;end accum (CO_CommandManager.cpp,325)
﻿2020-09-22 21:48:28;ACTION;end accum (CO_CommandManager.cpp,325)
﻿2020-09-22 21:48:29;ACTION;Start unexecute depth 1 (CO_CommandManager.cpp,580)
﻿  2020-09-22 21:48:29;ACTION;Start execute Create Drawing  (class CO_Command * __ptr64) (CO_CommandManager.cpp,594)
﻿  2020-09-22 21:48:29;ACTION;End execute Create Drawing  (class CO_Command * __ptr64) (CO_CommandManager.cpp,594)
﻿2020-09-22 21:48:29;ACTION;End unexecute depth 1 (CO_CommandManager.cpp,580)
﻿2020-09-22 21:48:31;ACTION;begin accum Create Drawing (CO_CommandManager.cpp,241)
﻿2020-09-22 21:48:31;ACTION;end accum (CO_CommandManager.cpp,325)
﻿2020-09-22 21:48:31;ACTION;end accum (CO_CommandManager.cpp,325)
﻿2020-09-22 21:48:31;ACTION;end accum (CO_CommandManager.cpp,325)
﻿2020-09-22 21:48:31;ACTION;end accum (CO_CommandManager.cpp,325)
﻿2020-09-22 21:48:31;ACTION;Start unexecute depth 1 (CO_CommandManager.cpp,580)
﻿  2020-09-22 21:48:31;ACTION;Start execute Create Drawing  (class CO_Command * __ptr64) (CO_CommandManager.cpp,594)
﻿  2020-09-22 21:48:31;ACTION;End execute Create Drawing  (class CO_Command * __ptr64) (CO_CommandManager.cpp,594)
﻿2020-09-22 21:48:31;ACTION;End unexecute depth 1 (CO_CommandManager.cpp,580)
﻿2020-09-22 21:48:36;ACTION;begin accum Create Drawing (CO_CommandManager.cpp,241)
﻿2020-09-22 21:48:36;ACTION;end accum (CO_CommandManager.cpp,325)
﻿2020-09-22 21:48:36;ACTION;end accum (CO_CommandManager.cpp,325)
﻿2020-09-22 21:48:36;ACTION;end accum (CO_CommandManager.cpp,325)
﻿2020-09-22 21:48:36;ACTION;end accum (CO_CommandManager.cpp,325)
﻿2020-09-22 21:48:36;ACTION;begin accum Drawing Tool (CO_CommandManager.cpp,241)
﻿2020-09-22 21:48:36;ACTION;end accum (CO_CommandManager.cpp,325)
﻿2020-09-22 21:48:36;ACTION;begin accum Brush Tool (CO_CommandManager.cpp,241)
﻿2020-09-22 21:48:36;ACTION;end accum (CO_CommandManager.cpp,325)
﻿2020-09-22 21:48:36;ACTION;end accum (CO_CommandManager.cpp,325)
﻿2020-09-22 21:48:36;ACTION;end accum (CO_CommandManager.cpp,325)
﻿2020-09-22 21:48:37;ACTION;Start unexecute depth 1 (CO_CommandManager.cpp,580)
﻿  2020-09-22 21:48:37;ACTION;Start execute Brush Tool  (class CO_Command * __ptr64) (CO_CommandManager.cpp,594)
﻿  2020-09-22 21:48:37;ACTION;End execute Brush Tool  (class CO_Command * __ptr64) (CO_CommandManager.cpp,594)
﻿2020-09-22 21:48:37;ACTION;End unexecute depth 1 (CO_CommandManager.cpp,580)
﻿2020-09-22 21:48:37;ACTION;Start unexecute depth 1 (CO_CommandManager.cpp,580)
﻿  2020-09-22 21:48:37;ACTION;Start execute Create Drawing  (class CO_Command * __ptr64) (CO_CommandManager.cpp,594)
﻿  2020-09-22 21:48:37;ACTION;End execute Create Drawing  (class CO_Command * __ptr64) (CO_CommandManager.cpp,594)
﻿2020-09-22 21:48:37;ACTION;End unexecute depth 1 (CO_CommandManager.cpp,580)
﻿2020-09-22 21:48:55;ACTION;begin accum Paste Layers (CO_CommandManager.cpp,241)
﻿2020-09-22 21:48:55;ACTION;Start DropModels (DD_System.cpp,1633)
﻿2020-09-22 21:48:55;ACTION;End DropModels (DD_System.cpp,1633)
﻿2020-09-22 21:48:55;ACTION;end accum (CO_CommandManager.cpp,325)
﻿2020-09-22 21:48:58;ACTION;begin accum Remove Selected Layers (CO_CommandManager.cpp,241)
﻿2020-09-22 21:48:58;ACTION;end accum (CO_CommandManager.cpp,325)
﻿2020-09-22 21:48:58;ACTION;end accum (CO_CommandManager.cpp,325)
﻿2020-09-22 21:48:58;ACTION;end accum (CO_CommandManager.cpp,325)
﻿2020-09-22 21:48:58;ACTION;end accum (CO_CommandManager.cpp,325)
﻿2020-09-22 21:49:06;ACTION;begin accum Create Drawing (CO_CommandManager.cpp,241)
﻿2020-09-22 21:49:06;ACTION;end accum (CO_CommandManager.cpp,325)
﻿2020-09-22 21:49:06;ACTION;end accum (CO_CommandManager.cpp,325)
﻿2020-09-22 21:49:06;ACTION;end accum (CO_CommandManager.cpp,325)
﻿2020-09-22 21:49:08;ACTION;Start unexecute depth 1 (CO_CommandManager.cpp,580)
﻿  2020-09-22 21:49:08;ACTION;Start execute Create Drawing  (class CO_Command * __ptr64) (CO_CommandManager.cpp,594)
﻿  2020-09-22 21:49:08;ACTION;End execute Create Drawing  (class CO_Command * __ptr64) (CO_CommandManager.cpp,594)
﻿2020-09-22 21:49:08;ACTION;End unexecute depth 1 (CO_CommandManager.cpp,580)
﻿2020-09-22 21:49:10;ACTION;begin accum Create Drawing (CO_CommandManager.cpp,241)
﻿2020-09-22 21:49:10;ACTION;end accum (CO_CommandManager.cpp,325)
﻿2020-09-22 21:49:10;ACTION;end accum (CO_CommandManager.cpp,325)
﻿2020-09-22 21:49:10;ACTION;end accum (CO_CommandManager.cpp,325)
﻿2020-09-22 21:49:10;ACTION;end accum (CO_CommandManager.cpp,325)
﻿2020-09-22 21:49:11;ACTION;Start unexecute depth 1 (CO_CommandManager.cpp,580)
﻿  2020-09-22 21:49:11;ACTION;Start execute Create Drawing  (class CO_Command * __ptr64) (CO_CommandManager.cpp,594)
﻿  2020-09-22 21:49:11;ACTION;End execute Create Drawing  (class CO_Command * __ptr64) (CO_CommandManager.cpp,594)
﻿2020-09-22 21:49:11;ACTION;End unexecute depth 1 (CO_CommandManager.cpp,580)
﻿2020-09-22 21:49:18;ACTION;begin accum Create Drawing (CO_CommandManager.cpp,241)
﻿2020-09-22 21:49:18;ACTION;end accum (CO_CommandManager.cpp,325)
﻿2020-09-22 21:49:18;ACTION;end accum (CO_CommandManager.cpp,325)
﻿2020-09-22 21:49:18;ACTION;end accum (CO_CommandManager.cpp,325)
﻿2020-09-22 21:49:18;ACTION;end accum (CO_CommandManager.cpp,325)
﻿2020-09-22 21:49:19;ACTION;Start unexecute depth 1 (CO_CommandManager.cpp,580)
﻿  2020-09-22 21:49:19;ACTION;Start execute Create Drawing  (class CO_Command * __ptr64) (CO_CommandManager.cpp,594)
﻿  2020-09-22 21:49:19;ACTION;End execute Create Drawing  (class CO_Command * __ptr64) (CO_CommandManager.cpp,594)
﻿2020-09-22 21:49:19;ACTION;End unexecute depth 1 (CO_CommandManager.cpp,580)
﻿2020-09-22 21:49:21;ACTION;begin accum Create Drawing (CO_CommandManager.cpp,241)
﻿2020-09-22 21:49:21;ACTION;end accum (CO_CommandManager.cpp,325)
﻿2020-09-22 21:49:21;ACTION;end accum (CO_CommandManager.cpp,325)
﻿2020-09-22 21:49:21;ACTION;end accum (CO_CommandManager.cpp,325)
﻿2020-09-22 21:49:21;ACTION;end accum (CO_CommandManager.cpp,325)
﻿2020-09-22 21:49:22;ACTION;Start Saving project
﻿  2020-09-22 21:49:22;ACTION;Start isSaveProjectPossible (SC_SaveUtil.cpp,226)
﻿    2020-09-22 21:49:22;Create;D:/Github/Production-Studio/Project_1/itsMeowOrNever/itsMeowOrNever.sboard+; OK 
﻿    2020-09-22 21:49:22;Delete;D:/Github/Production-Studio/Project_1/itsMeowOrNever/itsMeowOrNever.sboard+; OK 
﻿  2020-09-22 21:49:22;ACTION;End isSaveProjectPossible (SC_SaveUtil.cpp,226)
﻿  2020-09-22 21:49:22;ACTION;Start isSaveProjectPossible (SC_SaveUtil.cpp,226)
﻿    2020-09-22 21:49:22;Create;D:/Github/Production-Studio/Project_1/itsMeowOrNever/itsMeowOrNever.sboard+; OK 
﻿    2020-09-22 21:49:22;Delete;D:/Github/Production-Studio/Project_1/itsMeowOrNever/itsMeowOrNever.sboard+; OK 
﻿  2020-09-22 21:49:22;ACTION;End isSaveProjectPossible (SC_SaveUtil.cpp,226)
﻿  2020-09-22 21:49:22;ACTION;Start TUElementMgr::writeToVersionAuxFile (tuelementmgr.cpp,1988)
﻿    2020-09-22 21:49:22;Create;D:/Github/Production-Studio/Project_1/itsMeowOrNever/scene.elementTable; OK 
﻿  2020-09-22 21:49:22;ACTION;End TUElementMgr::writeToVersionAuxFile (tuelementmgr.cpp,1988)
﻿  2020-09-22 21:49:22;ACTION;Start saveDrawings - delete drawings (tudrawinglist.cpp,697)
﻿  2020-09-22 21:49:22;ACTION;End saveDrawings - delete drawings (tudrawinglist.cpp,697)
﻿  2020-09-22 21:49:22;ACTION;Start saveDrawings - rename to temp name (tudrawinglist.cpp,731)
﻿  2020-09-22 21:49:22;ACTION;End saveDrawings - rename to temp name (tudrawinglist.cpp,731)
﻿  2020-09-22 21:49:22;ACTION;Start saveDrawings - rename to final name (tudrawinglist.cpp,759)
﻿  2020-09-22 21:49:22;ACTION;End saveDrawings - rename to final name (tudrawinglist.cpp,759)
﻿  2020-09-22 21:49:22;ACTION;Start saveDrawings - copy all drawings from temp to project (tudrawinglist.cpp,797)
﻿  2020-09-22 21:49:22;ACTION;End saveDrawings - copy all drawings from temp to project (tudrawinglist.cpp,797)
﻿  2020-09-22 21:49:22;ACTION;Start saveDrawings - save all modified drawings in memory (tudrawinglist.cpp,855)
﻿    2020-09-22 21:49:22;Create;D:/Github/Production-Studio/Project_1/itsMeowOrNever/elements/Draw/Draw-21.tvg+; OK 
﻿    2020-09-22 21:49:23;Rename;D:/Github/Production-Studio/Project_1/itsMeowOrNever/elements/Draw/Draw-21.tvg+;Draw-21.tvg OK 
﻿    2020-09-22 21:49:23;Create;D:/Github/Production-Studio/Project_1/itsMeowOrNever/elements/Draw/Draw-32.tvg+; OK 
﻿    2020-09-22 21:49:23;Rename;D:/Github/Production-Studio/Project_1/itsMeowOrNever/elements/Draw/Draw-32.tvg+;Draw-32.tvg OK 
﻿  2020-09-22 21:49:23;ACTION;End saveDrawings - save all modified drawings in memory (tudrawinglist.cpp,855)
﻿  2020-09-22 21:49:23;ACTION;Start saveProject (SC_SaveUtil.cpp,381)
﻿    2020-09-22 21:49:23;Create;D:/Github/Production-Studio/Project_1/itsMeowOrNever/itsMeowOrNever.sboard+; OK 
﻿    2020-09-22 21:49:23;Rename;D:/Github/Production-Studio/Project_1/itsMeowOrNever/itsMeowOrNever.sboard;D:/Github/Production-Studio/Project_1/itsMeowOrNever/itsMeowOrNever.sboard~ OK 
﻿    2020-09-22 21:49:23;Rename;D:/Github/Production-Studio/Project_1/itsMeowOrNever/itsMeowOrNever.sboard+;D:/Github/Production-Studio/Project_1/itsMeowOrNever/itsMeowOrNever.sboard OK 
﻿    2020-09-22 21:49:23;ACTION;Start writeToVersionAuxFile (tuelementmgr.cpp,2444)
﻿      2020-09-22 21:49:23;ACTION;Start writeToVersionAuxFile (EM_XMLFileIO.cpp,307)
﻿        2020-09-22 21:49:23;Rename;D:/Github/Production-Studio/Project_1/itsMeowOrNever/itsMeowOrNever.aux;D:/Github/Production-Studio/Project_1/itsMeowOrNever/itsMeowOrNever.aux~ OK 
﻿        2020-09-22 21:49:23;Rename;D:/Github/Production-Studio/Project_1/itsMeowOrNever/itsMeowOrNever.aux+;D:/Github/Production-Studio/Project_1/itsMeowOrNever/itsMeowOrNever.aux OK 
﻿      2020-09-22 21:49:23;ACTION;End writeToVersionAuxFile (EM_XMLFileIO.cpp,307)
﻿    2020-09-22 21:49:23;ACTION;End writeToVersionAuxFile (tuelementmgr.cpp,2444)
﻿  2020-09-22 21:49:23;ACTION;End saveProject (SC_SaveUtil.cpp,381)
﻿  2020-09-22 21:49:23;ACTION;Start writeToDrawingVersionAuxFile (EM_XMLFileIO.cpp,454)
﻿  2020-09-22 21:49:23;ACTION;End writeToDrawingVersionAuxFile (EM_XMLFileIO.cpp,454)
﻿  2020-09-22 21:49:23;Create;D:/Github/Production-Studio/Project_1/itsMeowOrNever/itsMeowOrNever.sboard.thumbnails; OK 
﻿2020-09-22 21:49:23;ACTION;End Saving project
﻿2020-09-22 21:49:23;ACTION;Start unexecute depth 1 (CO_CommandManager.cpp,580)
﻿  2020-09-22 21:49:23;ACTION;Start execute Create Drawing  (class CO_Command * __ptr64) (CO_CommandManager.cpp,594)
﻿  2020-09-22 21:49:23;ACTION;End execute Create Drawing  (class CO_Command * __ptr64) (CO_CommandManager.cpp,594)
﻿2020-09-22 21:49:23;ACTION;End unexecute depth 1 (CO_CommandManager.cpp,580)
﻿2020-09-22 21:49:25;ACTION;begin accum Create Drawing (CO_CommandManager.cpp,241)
﻿2020-09-22 21:49:25;ACTION;end accum (CO_CommandManager.cpp,325)
﻿2020-09-22 21:49:25;ACTION;end accum (CO_CommandManager.cpp,325)
﻿2020-09-22 21:49:25;ACTION;end accum (CO_CommandManager.cpp,325)
﻿2020-09-22 21:49:25;ACTION;end accum (CO_CommandManager.cpp,325)
﻿2020-09-22 21:49:26;ACTION;Start unexecute depth 1 (CO_CommandManager.cpp,580)
﻿  2020-09-22 21:49:26;ACTION;Start execute Create Drawing  (class CO_Command * __ptr64) (CO_CommandManager.cpp,594)
﻿  2020-09-22 21:49:26;ACTION;End execute Create Drawing  (class CO_Command * __ptr64) (CO_CommandManager.cpp,594)
﻿2020-09-22 21:49:26;ACTION;End unexecute depth 1 (CO_CommandManager.cpp,580)
﻿2020-09-22 21:49:27;ACTION;begin accum Create Drawing (CO_CommandManager.cpp,241)
﻿2020-09-22 21:49:27;ACTION;end accum (CO_CommandManager.cpp,325)
﻿2020-09-22 21:49:27;ACTION;end accum (CO_CommandManager.cpp,325)
﻿2020-09-22 21:49:27;ACTION;end accum (CO_CommandManager.cpp,325)
﻿2020-09-22 21:49:27;ACTION;end accum (CO_CommandManager.cpp,325)
﻿2020-09-22 21:49:27;ACTION;Start unexecute depth 1 (CO_CommandManager.cpp,580)
﻿  2020-09-22 21:49:27;ACTION;Start execute Create Drawing  (class CO_Command * __ptr64) (CO_CommandManager.cpp,594)
﻿  2020-09-22 21:49:27;ACTION;End execute Create Drawing  (class CO_Command * __ptr64) (CO_CommandManager.cpp,594)
﻿2020-09-22 21:49:27;ACTION;End unexecute depth 1 (CO_CommandManager.cpp,580)
﻿2020-09-22 21:49:30;ACTION;begin accum Create Drawing (CO_CommandManager.cpp,241)
﻿2020-09-22 21:49:30;ACTION;end accum (CO_CommandManager.cpp,325)
﻿2020-09-22 21:49:30;ACTION;end accum (CO_CommandManager.cpp,325)
﻿2020-09-22 21:49:30;ACTION;end accum (CO_CommandManager.cpp,325)
﻿2020-09-22 21:49:30;ACTION;end accum (CO_CommandManager.cpp,325)
﻿2020-09-22 21:49:30;ACTION;Start unexecute depth 1 (CO_CommandManager.cpp,580)
﻿  2020-09-22 21:49:30;ACTION;Start execute Create Drawing  (class CO_Command * __ptr64) (CO_CommandManager.cpp,594)
﻿  2020-09-22 21:49:30;ACTION;End execute Create Drawing  (class CO_Command * __ptr64) (CO_CommandManager.cpp,594)
﻿2020-09-22 21:49:30;ACTION;End unexecute depth 1 (CO_CommandManager.cpp,580)
﻿2020-09-22 21:49:33;ACTION;begin accum Create Drawing (CO_CommandManager.cpp,241)
﻿2020-09-22 21:49:33;ACTION;end accum (CO_CommandManager.cpp,325)
﻿2020-09-22 21:49:33;ACTION;end accum (CO_CommandManager.cpp,325)
﻿2020-09-22 21:49:33;ACTION;end accum (CO_CommandManager.cpp,325)
﻿2020-09-22 21:49:33;ACTION;end accum (CO_CommandManager.cpp,325)
﻿2020-09-22 21:49:34;ACTION;Start unexecute depth 1 (CO_CommandManager.cpp,580)
﻿  2020-09-22 21:49:34;ACTION;Start execute Create Drawing  (class CO_Command * __ptr64) (CO_CommandManager.cpp,594)
﻿  2020-09-22 21:49:34;ACTION;End execute Create Drawing  (class CO_Command * __ptr64) (CO_CommandManager.cpp,594)
﻿2020-09-22 21:49:34;ACTION;End unexecute depth 1 (CO_CommandManager.cpp,580)
﻿2020-09-22 21:49:36;ACTION;begin accum Create Drawing (CO_CommandManager.cpp,241)
﻿2020-09-22 21:49:36;ACTION;end accum (CO_CommandManager.cpp,325)
﻿2020-09-22 21:49:36;ACTION;end accum (CO_CommandManager.cpp,325)
﻿2020-09-22 21:49:36;ACTION;end accum (CO_CommandManager.cpp,325)
﻿2020-09-22 21:49:36;ACTION;end accum (CO_CommandManager.cpp,325)
﻿2020-09-22 21:49:36;ACTION;Start unexecute depth 1 (CO_CommandManager.cpp,580)
﻿  2020-09-22 21:49:36;ACTION;Start execute Create Drawing  (class CO_Command * __ptr64) (CO_CommandManager.cpp,594)
﻿  2020-09-22 21:49:36;ACTION;End execute Create Drawing  (class CO_Command * __ptr64) (CO_CommandManager.cpp,594)
﻿2020-09-22 21:49:36;ACTION;End unexecute depth 1 (CO_CommandManager.cpp,580)
﻿2020-09-22 21:49:39;ACTION;begin accum Create Drawing (CO_CommandManager.cpp,241)
﻿2020-09-22 21:49:39;ACTION;end accum (CO_CommandManager.cpp,325)
﻿2020-09-22 21:49:39;ACTION;end accum (CO_CommandManager.cpp,325)
﻿2020-09-22 21:49:39;ACTION;end accum (CO_CommandManager.cpp,325)
﻿2020-09-22 21:49:39;ACTION;end accum (CO_CommandManager.cpp,325)
﻿2020-09-22 21:49:39;ACTION;Start unexecute depth 1 (CO_CommandManager.cpp,580)
﻿  2020-09-22 21:49:39;ACTION;Start execute Create Drawing  (class CO_Command * __ptr64) (CO_CommandManager.cpp,594)
﻿  2020-09-22 21:49:39;ACTION;End execute Create Drawing  (class CO_Command * __ptr64) (CO_CommandManager.cpp,594)
﻿2020-09-22 21:49:39;ACTION;End unexecute depth 1 (CO_CommandManager.cpp,580)
﻿2020-09-22 21:49:40;ACTION;begin accum Create Drawing (CO_CommandManager.cpp,241)
﻿2020-09-22 21:49:40;ACTION;end accum (CO_CommandManager.cpp,325)
﻿2020-09-22 21:49:40;ACTION;end accum (CO_CommandManager.cpp,325)
﻿2020-09-22 21:49:40;ACTION;end accum (CO_CommandManager.cpp,325)
﻿2020-09-22 21:49:40;ACTION;end accum (CO_CommandManager.cpp,325)
﻿2020-09-22 21:49:40;ACTION;Start unexecute depth 1 (CO_CommandManager.cpp,580)
﻿  2020-09-22 21:49:40;ACTION;Start execute Create Drawing  (class CO_Command * __ptr64) (CO_CommandManager.cpp,594)
﻿  2020-09-22 21:49:40;ACTION;End execute Create Drawing  (class CO_Command * __ptr64) (CO_CommandManager.cpp,594)
﻿2020-09-22 21:49:40;ACTION;End unexecute depth 1 (CO_CommandManager.cpp,580)
﻿2020-09-22 21:52:04;ACTION;begin accum Create Drawing (CO_CommandManager.cpp,241)
﻿2020-09-22 21:52:04;ACTION;end accum (CO_CommandManager.cpp,325)
﻿2020-09-22 21:52:04;ACTION;end accum (CO_CommandManager.cpp,325)
﻿2020-09-22 21:52:04;ACTION;end accum (CO_CommandManager.cpp,325)
﻿2020-09-22 21:52:04;ACTION;begin accum Drawing Tool (CO_CommandManager.cpp,241)
﻿2020-09-22 21:52:04;ACTION;end accum (CO_CommandManager.cpp,325)
﻿2020-09-22 21:52:04;ACTION;begin accum  (CO_CommandManager.cpp,241)
﻿2020-09-22 21:52:04;ACTION;end accum (CO_CommandManager.cpp,325)
﻿2020-09-22 21:52:04;ACTION;end accum (CO_CommandManager.cpp,325)
﻿2020-09-22 21:52:05;ACTION;Start unexecute depth 1 (CO_CommandManager.cpp,580)
﻿  2020-09-22 21:52:05;ACTION;Start execute Brush Tool  (class CO_Command * __ptr64) (CO_CommandManager.cpp,594)
﻿  2020-09-22 21:52:05;ACTION;End execute Brush Tool  (class CO_Command * __ptr64) (CO_CommandManager.cpp,594)
﻿2020-09-22 21:52:05;ACTION;End unexecute depth 1 (CO_CommandManager.cpp,580)
﻿2020-09-22 21:52:06;ACTION;Start unexecute depth 1 (CO_CommandManager.cpp,580)
﻿  2020-09-22 21:52:06;ACTION;Start execute Create Drawing  (class CO_Command * __ptr64) (CO_CommandManager.cpp,594)
﻿  2020-09-22 21:52:06;ACTION;End execute Create Drawing  (class CO_Command * __ptr64) (CO_CommandManager.cpp,594)
﻿2020-09-22 21:52:06;ACTION;End unexecute depth 1 (CO_CommandManager.cpp,580)
﻿2020-09-22 21:54:49;ACTION;begin accum Create Drawing (CO_CommandManager.cpp,241)
﻿2020-09-22 21:54:49;ACTION;end accum (CO_CommandManager.cpp,325)
﻿2020-09-22 21:54:49;ACTION;end accum (CO_CommandManager.cpp,325)
﻿2020-09-22 21:54:49;ACTION;end accum (CO_CommandManager.cpp,325)
﻿2020-09-22 21:54:54;ACTION;begin accum Drawing Tool (CO_CommandManager.cpp,241)
﻿2020-09-22 21:54:54;ACTION;end accum (CO_CommandManager.cpp,325)
﻿2020-09-22 21:54:54;ACTION;begin accum  (CO_CommandManager.cpp,241)
﻿2020-09-22 21:54:54;ACTION;end accum (CO_CommandManager.cpp,325)
﻿2020-09-22 21:54:54;ACTION;end accum (CO_CommandManager.cpp,325)
﻿2020-09-22 21:55:03;ACTION;begin accum Create Drawing (CO_CommandManager.cpp,241)
﻿2020-09-22 21:55:03;ACTION;end accum (CO_CommandManager.cpp,325)
﻿2020-09-22 21:55:03;ACTION;end accum (CO_CommandManager.cpp,325)
﻿2020-09-22 21:55:03;ACTION;end accum (CO_CommandManager.cpp,325)
﻿2020-09-22 21:55:03;ACTION;end accum (CO_CommandManager.cpp,325)
﻿2020-09-22 21:55:22;ACTION;begin accum Drawing Tool (CO_CommandManager.cpp,241)
﻿2020-09-22 21:55:22;ACTION;end accum (CO_CommandManager.cpp,325)
﻿2020-09-22 21:55:22;ACTION;begin accum  (CO_CommandManager.cpp,241)
﻿2020-09-22 21:55:22;ACTION;end accum (CO_CommandManager.cpp,325)
﻿2020-09-22 21:55:22;ACTION;end accum (CO_CommandManager.cpp,325)
﻿2020-09-22 21:55:22;ACTION;begin accum Drawing Tool (CO_CommandManager.cpp,241)
﻿2020-09-22 21:55:22;ACTION;end accum (CO_CommandManager.cpp,325)
﻿2020-09-22 21:55:22;ACTION;begin accum  (CO_CommandManager.cpp,241)
﻿2020-09-22 21:55:22;ACTION;end accum (CO_CommandManager.cpp,325)
﻿2020-09-22 21:55:22;ACTION;end accum (CO_CommandManager.cpp,325)
﻿2020-09-22 21:55:23;ACTION;begin accum Drawing Tool (CO_CommandManager.cpp,241)
﻿2020-09-22 21:55:23;ACTION;end accum (CO_CommandManager.cpp,325)
﻿2020-09-22 21:55:23;ACTION;begin accum  (CO_CommandManager.cpp,241)
﻿2020-09-22 21:55:23;ACTION;end accum (CO_CommandManager.cpp,325)
﻿2020-09-22 21:55:23;ACTION;end accum (CO_CommandManager.cpp,325)
﻿2020-09-22 21:55:24;ACTION;begin accum Drawing Tool (CO_CommandManager.cpp,241)
﻿2020-09-22 21:55:24;ACTION;end accum (CO_CommandManager.cpp,325)
﻿2020-09-22 21:55:24;ACTION;begin accum  (CO_CommandManager.cpp,241)
﻿2020-09-22 21:55:24;ACTION;end accum (CO_CommandManager.cpp,325)
﻿2020-09-22 21:55:24;ACTION;end accum (CO_CommandManager.cpp,325)
﻿2020-09-22 21:55:24;ACTION;begin accum Drawing Tool (CO_CommandManager.cpp,241)
﻿2020-09-22 21:55:24;ACTION;end accum (CO_CommandManager.cpp,325)
﻿2020-09-22 21:55:24;ACTION;begin accum  (CO_CommandManager.cpp,241)
﻿2020-09-22 21:55:24;ACTION;end accum (CO_CommandManager.cpp,325)
﻿2020-09-22 21:55:24;ACTION;end accum (CO_CommandManager.cpp,325)
﻿2020-09-22 21:55:25;ACTION;begin accum Drawing Tool (CO_CommandManager.cpp,241)
﻿2020-09-22 21:55:25;ACTION;end accum (CO_CommandManager.cpp,325)
﻿2020-09-22 21:55:25;ACTION;begin accum  (CO_CommandManager.cpp,241)
﻿2020-09-22 21:55:25;ACTION;end accum (CO_CommandManager.cpp,325)
﻿2020-09-22 21:55:25;ACTION;end accum (CO_CommandManager.cpp,325)
﻿2020-09-22 21:55:26;ACTION;begin accum Drawing Tool (CO_CommandManager.cpp,241)
﻿2020-09-22 21:55:26;ACTION;end accum (CO_CommandManager.cpp,325)
﻿2020-09-22 21:55:26;ACTION;begin accum  (CO_CommandManager.cpp,241)
﻿2020-09-22 21:55:26;ACTION;end accum (CO_CommandManager.cpp,325)
﻿2020-09-22 21:55:26;ACTION;end accum (CO_CommandManager.cpp,325)
﻿2020-09-22 21:55:26;ACTION;begin accum Drawing Tool (CO_CommandManager.cpp,241)
﻿2020-09-22 21:55:26;ACTION;end accum (CO_CommandManager.cpp,325)
﻿2020-09-22 21:55:26;ACTION;begin accum  (CO_CommandManager.cpp,241)
﻿2020-09-22 21:55:26;ACTION;end accum (CO_CommandManager.cpp,325)
﻿2020-09-22 21:55:26;ACTION;end accum (CO_CommandManager.cpp,325)
﻿2020-09-22 21:55:27;ACTION;begin accum Drawing Tool (CO_CommandManager.cpp,241)
﻿2020-09-22 21:55:27;ACTION;end accum (CO_CommandManager.cpp,325)
﻿2020-09-22 21:55:27;ACTION;begin accum  (CO_CommandManager.cpp,241)
﻿2020-09-22 21:55:27;ACTION;end accum (CO_CommandManager.cpp,325)
﻿2020-09-22 21:55:27;ACTION;end accum (CO_CommandManager.cpp,325)
﻿2020-09-22 21:55:28;ACTION;begin accum Drawing Tool (CO_CommandManager.cpp,241)
﻿2020-09-22 21:55:28;ACTION;end accum (CO_CommandManager.cpp,325)
﻿2020-09-22 21:55:28;ACTION;begin accum  (CO_CommandManager.cpp,241)
﻿2020-09-22 21:55:28;ACTION;end accum (CO_CommandManager.cpp,325)
﻿2020-09-22 21:55:28;ACTION;end accum (CO_CommandManager.cpp,325)
﻿2020-09-22 21:55:30;ACTION;Start unexecute depth 1 (CO_CommandManager.cpp,580)
﻿  2020-09-22 21:55:30;ACTION;Start execute Brush Tool  (class CO_Command * __ptr64) (CO_CommandManager.cpp,594)
﻿  2020-09-22 21:55:30;ACTION;End execute Brush Tool  (class CO_Command * __ptr64) (CO_CommandManager.cpp,594)
﻿2020-09-22 21:55:30;ACTION;End unexecute depth 1 (CO_CommandManager.cpp,580)
﻿2020-09-22 21:55:30;ACTION;Start unexecute depth 1 (CO_CommandManager.cpp,580)
﻿  2020-09-22 21:55:30;ACTION;Start execute Brush Tool  (class CO_Command * __ptr64) (CO_CommandManager.cpp,594)
﻿  2020-09-22 21:55:30;ACTION;End execute Brush Tool  (class CO_Command * __ptr64) (CO_CommandManager.cpp,594)
﻿2020-09-22 21:55:30;ACTION;End unexecute depth 1 (CO_CommandManager.cpp,580)
﻿2020-09-22 21:55:31;ACTION;Start unexecute depth 1 (CO_CommandManager.cpp,580)
﻿  2020-09-22 21:55:31;ACTION;Start execute Brush Tool  (class CO_Command * __ptr64) (CO_CommandManager.cpp,594)
﻿  2020-09-22 21:55:31;ACTION;End execute Brush Tool  (class CO_Command * __ptr64) (CO_CommandManager.cpp,594)
﻿2020-09-22 21:55:31;ACTION;End unexecute depth 1 (CO_CommandManager.cpp,580)
﻿2020-09-22 21:55:31;ACTION;Start unexecute depth 1 (CO_CommandManager.cpp,580)
﻿  2020-09-22 21:55:31;ACTION;Start execute Brush Tool  (class CO_Command * __ptr64) (CO_CommandManager.cpp,594)
﻿  2020-09-22 21:55:31;ACTION;End execute Brush Tool  (class CO_Command * __ptr64) (CO_CommandManager.cpp,594)
﻿2020-09-22 21:55:31;ACTION;End unexecute depth 1 (CO_CommandManager.cpp,580)
﻿2020-09-22 21:55:31;ACTION;Start unexecute depth 1 (CO_CommandManager.cpp,580)
﻿  2020-09-22 21:55:31;ACTION;Start execute Brush Tool  (class CO_Command * __ptr64) (CO_CommandManager.cpp,594)
﻿  2020-09-22 21:55:31;ACTION;End execute Brush Tool  (class CO_Command * __ptr64) (CO_CommandManager.cpp,594)
﻿2020-09-22 21:55:31;ACTION;End unexecute depth 1 (CO_CommandManager.cpp,580)
﻿2020-09-22 21:55:32;ACTION;Start unexecute depth 1 (CO_CommandManager.cpp,580)
﻿  2020-09-22 21:55:32;ACTION;Start execute Brush Tool  (class CO_Command * __ptr64) (CO_CommandManager.cpp,594)
﻿  2020-09-22 21:55:32;ACTION;End execute Brush Tool  (class CO_Command * __ptr64) (CO_CommandManager.cpp,594)
﻿2020-09-22 21:55:32;ACTION;End unexecute depth 1 (CO_CommandManager.cpp,580)
﻿2020-09-22 21:55:32;ACTION;Start unexecute depth 1 (CO_CommandManager.cpp,580)
﻿  2020-09-22 21:55:32;ACTION;Start execute Brush Tool  (class CO_Command * __ptr64) (CO_CommandManager.cpp,594)
﻿  2020-09-22 21:55:32;ACTION;End execute Brush Tool  (class CO_Command * __ptr64) (CO_CommandManager.cpp,594)
﻿2020-09-22 21:55:32;ACTION;End unexecute depth 1 (CO_CommandManager.cpp,580)
﻿2020-09-22 21:55:33;ACTION;Start unexecute depth 1 (CO_CommandManager.cpp,580)
﻿  2020-09-22 21:55:33;ACTION;Start execute Brush Tool  (class CO_Command * __ptr64) (CO_CommandManager.cpp,594)
﻿  2020-09-22 21:55:33;ACTION;End execute Brush Tool  (class CO_Command * __ptr64) (CO_CommandManager.cpp,594)
﻿2020-09-22 21:55:33;ACTION;End unexecute depth 1 (CO_CommandManager.cpp,580)
﻿2020-09-22 21:55:34;ACTION;Start unexecute depth 1 (CO_CommandManager.cpp,580)
﻿  2020-09-22 21:55:34;ACTION;Start execute Brush Tool  (class CO_Command * __ptr64) (CO_CommandManager.cpp,594)
﻿  2020-09-22 21:55:34;ACTION;End execute Brush Tool  (class CO_Command * __ptr64) (CO_CommandManager.cpp,594)
﻿2020-09-22 21:55:34;ACTION;End unexecute depth 1 (CO_CommandManager.cpp,580)
﻿2020-09-22 21:55:35;ACTION;Start unexecute depth 1 (CO_CommandManager.cpp,580)
﻿  2020-09-22 21:55:35;ACTION;Start execute Brush Tool  (class CO_Command * __ptr64) (CO_CommandManager.cpp,594)
﻿  2020-09-22 21:55:35;ACTION;End execute Brush Tool  (class CO_Command * __ptr64) (CO_CommandManager.cpp,594)
﻿2020-09-22 21:55:35;ACTION;End unexecute depth 1 (CO_CommandManager.cpp,580)
﻿2020-09-22 21:55:57;ACTION;begin accum Drawing Tool (CO_CommandManager.cpp,241)
﻿2020-09-22 21:55:57;ACTION;end accum (CO_CommandManager.cpp,325)
﻿2020-09-22 21:55:57;ACTION;begin accum  (CO_CommandManager.cpp,241)
﻿2020-09-22 21:55:57;ACTION;end accum (CO_CommandManager.cpp,325)
﻿2020-09-22 21:55:57;ACTION;end accum (CO_CommandManager.cpp,325)
﻿2020-09-22 21:55:58;ACTION;begin accum Drawing Tool (CO_CommandManager.cpp,241)
﻿2020-09-22 21:55:58;ACTION;end accum (CO_CommandManager.cpp,325)
﻿2020-09-22 21:55:58;ACTION;begin accum  (CO_CommandManager.cpp,241)
﻿2020-09-22 21:55:58;ACTION;end accum (CO_CommandManager.cpp,325)
﻿2020-09-22 21:55:58;ACTION;end accum (CO_CommandManager.cpp,325)
﻿2020-09-22 21:56:00;ACTION;begin accum Drawing Tool (CO_CommandManager.cpp,241)
﻿2020-09-22 21:56:00;ACTION;end accum (CO_CommandManager.cpp,325)
﻿2020-09-22 21:56:00;ACTION;begin accum  (CO_CommandManager.cpp,241)
﻿2020-09-22 21:56:00;ACTION;end accum (CO_CommandManager.cpp,325)
﻿2020-09-22 21:56:00;ACTION;end accum (CO_CommandManager.cpp,325)
﻿2020-09-22 21:56:03;ACTION;begin accum Drawing Tool (CO_CommandManager.cpp,241)
﻿2020-09-22 21:56:03;ACTION;end accum (CO_CommandManager.cpp,325)
﻿2020-09-22 21:56:03;ACTION;begin accum  (CO_CommandManager.cpp,241)
﻿2020-09-22 21:56:03;ACTION;end accum (CO_CommandManager.cpp,325)
﻿2020-09-22 21:56:03;ACTION;end accum (CO_CommandManager.cpp,325)
﻿2020-09-22 21:56:04;ACTION;begin accum Drawing Tool (CO_CommandManager.cpp,241)
﻿2020-09-22 21:56:04;ACTION;end accum (CO_CommandManager.cpp,325)
﻿2020-09-22 21:56:04;ACTION;begin accum  (CO_CommandManager.cpp,241)
﻿2020-09-22 21:56:04;ACTION;end accum (CO_CommandManager.cpp,325)
﻿2020-09-22 21:56:04;ACTION;end accum (CO_CommandManager.cpp,325)
﻿2020-09-22 21:56:07;ACTION;begin accum Drawing Tool (CO_CommandManager.cpp,241)
﻿2020-09-22 21:56:07;ACTION;end accum (CO_CommandManager.cpp,325)
﻿2020-09-22 21:56:07;ACTION;begin accum  (CO_CommandManager.cpp,241)
﻿2020-09-22 21:56:07;ACTION;end accum (CO_CommandManager.cpp,325)
﻿2020-09-22 21:56:07;ACTION;end accum (CO_CommandManager.cpp,325)
﻿2020-09-22 21:56:10;ACTION;begin accum Drawing Tool (CO_CommandManager.cpp,241)
﻿2020-09-22 21:56:10;ACTION;end accum (CO_CommandManager.cpp,325)
﻿2020-09-22 21:56:10;ACTION;begin accum  (CO_CommandManager.cpp,241)
﻿2020-09-22 21:56:10;ACTION;end accum (CO_CommandManager.cpp,325)
﻿2020-09-22 21:56:10;ACTION;end accum (CO_CommandManager.cpp,325)
﻿2020-09-22 21:56:16;ACTION;begin accum Drawing Tool (CO_CommandManager.cpp,241)
﻿2020-09-22 21:56:16;ACTION;end accum (CO_CommandManager.cpp,325)
﻿2020-09-22 21:56:16;ACTION;begin accum  (CO_CommandManager.cpp,241)
﻿2020-09-22 21:56:16;ACTION;end accum (CO_CommandManager.cpp,325)
﻿2020-09-22 21:56:16;ACTION;end accum (CO_CommandManager.cpp,325)
﻿2020-09-22 21:56:16;ACTION;begin accum Drawing Tool (CO_CommandManager.cpp,241)
﻿2020-09-22 21:56:16;ACTION;end accum (CO_CommandManager.cpp,325)
﻿2020-09-22 21:56:16;ACTION;begin accum  (CO_CommandManager.cpp,241)
﻿2020-09-22 21:56:16;ACTION;end accum (CO_CommandManager.cpp,325)
﻿2020-09-22 21:56:16;ACTION;end accum (CO_CommandManager.cpp,325)
﻿2020-09-22 21:56:17;ACTION;begin accum Drawing Tool (CO_CommandManager.cpp,241)
﻿2020-09-22 21:56:17;ACTION;end accum (CO_CommandManager.cpp,325)
﻿2020-09-22 21:56:17;ACTION;begin accum  (CO_CommandManager.cpp,241)
﻿2020-09-22 21:56:17;ACTION;end accum (CO_CommandManager.cpp,325)
﻿2020-09-22 21:56:17;ACTION;end accum (CO_CommandManager.cpp,325)
﻿2020-09-22 21:56:17;ACTION;begin accum Drawing Tool (CO_CommandManager.cpp,241)
﻿2020-09-22 21:56:17;ACTION;end accum (CO_CommandManager.cpp,325)
﻿2020-09-22 21:56:17;ACTION;begin accum  (CO_CommandManager.cpp,241)
﻿2020-09-22 21:56:17;ACTION;end accum (CO_CommandManager.cpp,325)
﻿2020-09-22 21:56:17;ACTION;end accum (CO_CommandManager.cpp,325)
﻿2020-09-22 21:56:17;ACTION;begin accum Drawing Tool (CO_CommandManager.cpp,241)
﻿2020-09-22 21:56:17;ACTION;end accum (CO_CommandManager.cpp,325)
﻿2020-09-22 21:56:17;ACTION;begin accum  (CO_CommandManager.cpp,241)
﻿2020-09-22 21:56:17;ACTION;end accum (CO_CommandManager.cpp,325)
﻿2020-09-22 21:56:17;ACTION;end accum (CO_CommandManager.cpp,325)
﻿2020-09-22 21:56:18;ACTION;begin accum Drawing Tool (CO_CommandManager.cpp,241)
﻿2020-09-22 21:56:18;ACTION;end accum (CO_CommandManager.cpp,325)
﻿2020-09-22 21:56:18;ACTION;begin accum  (CO_CommandManager.cpp,241)
﻿2020-09-22 21:56:18;ACTION;end accum (CO_CommandManager.cpp,325)
﻿2020-09-22 21:56:18;ACTION;end accum (CO_CommandManager.cpp,325)
﻿2020-09-22 21:57:49;ACTION;Start Closing project
﻿  2020-09-22 21:57:49;Delete;D:/Github/Production-Studio/Project_1/itsMeowOrNever/itsMeowOrNever.sboard.lock; OK 
﻿  2020-09-22 21:57:50;Delete;C:/Users/Claire/AppData/Local/Temp/ToonBoomSessionTempDir/1212/elements/1.d; OK 
﻿  2020-09-22 21:57:50;Delete;C:/Users/Claire/AppData/Local/Temp/ToonBoomSessionTempDir/1212/elements/1.e; OK 
﻿  2020-09-22 21:57:50;Delete;C:/Users/Claire/AppData/Local/Temp/ToonBoomSessionTempDir/1212/elements; OK 
﻿  2020-09-22 21:57:50;Delete;C:/Users/Claire/AppData/Local/Temp/ToonBoomSessionTempDir/1212/palette-library; OK 
﻿  2020-09-22 21:57:50;Delete;C:/Users/Claire/AppData/Local/Temp/ToonBoomSessionTempDir/1212; OK 
﻿  2020-09-22 21:57:50;Delete;C:/Users/Claire/AppData/Local/Temp/ToonBoomSessionTempDir/1212_20200922_213904616_itsMeowOrNever.cache.sqlite; OK 
﻿2020-09-22 21:57:50;ACTION;End Closing project
