Log file produced by: Storyboard Pro (StoryboardPro.exe) version 17.10.1 build 15476 2020-01-31 14:58:30
﻿2020-09-22 22:10:50;ACTION;begin accum Remove Selected Layers (CO_CommandManager.cpp,241)
﻿2020-09-22 22:10:50;ACTION;end accum (CO_CommandManager.cpp,325)
﻿2020-09-22 22:10:50;ACTION;end accum (CO_CommandManager.cpp,325)
﻿2020-09-22 22:10:50;ACTION;end accum (CO_CommandManager.cpp,325)
﻿2020-09-22 22:10:50;ACTION;end accum (CO_CommandManager.cpp,325)
﻿2020-09-22 22:10:51;ACTION;begin accum Remove Selected Layers (CO_CommandManager.cpp,241)
﻿2020-09-22 22:10:51;ACTION;end accum (CO_CommandManager.cpp,325)
﻿2020-09-22 22:10:51;ACTION;end accum (CO_CommandManager.cpp,325)
﻿2020-09-22 22:10:51;ACTION;end accum (CO_CommandManager.cpp,325)
﻿2020-09-22 22:10:51;ACTION;end accum (CO_CommandManager.cpp,325)
﻿2020-09-22 22:10:53;ACTION;begin accum Remove Selected Layers (CO_CommandManager.cpp,241)
﻿2020-09-22 22:10:53;ACTION;end accum (CO_CommandManager.cpp,325)
﻿2020-09-22 22:10:53;ACTION;end accum (CO_CommandManager.cpp,325)
﻿2020-09-22 22:10:53;ACTION;end accum (CO_CommandManager.cpp,325)
﻿2020-09-22 22:10:53;ACTION;end accum (CO_CommandManager.cpp,325)
﻿2020-09-22 22:10:53;ACTION;end accum (CO_CommandManager.cpp,325)
﻿2020-09-22 22:10:59;ACTION;begin accum Create Layer (CO_CommandManager.cpp,241)
﻿2020-09-22 22:10:59;ACTION;end accum (CO_CommandManager.cpp,325)
﻿2020-09-22 22:11:03;ACTION;begin accum Create Layer (CO_CommandManager.cpp,241)
﻿2020-09-22 22:11:03;ACTION;end accum (CO_CommandManager.cpp,325)
﻿2020-09-22 22:11:06;ACTION;begin accum Move Layer (CO_CommandManager.cpp,241)
﻿2020-09-22 22:11:06;ACTION;end accum (CO_CommandManager.cpp,325)
﻿2020-09-22 22:11:08;ACTION;begin accum Move Layer (CO_CommandManager.cpp,241)
﻿2020-09-22 22:11:08;ACTION;end accum (CO_CommandManager.cpp,325)
﻿2020-09-22 22:11:09;ACTION;begin accum Move Layer (CO_CommandManager.cpp,241)
﻿2020-09-22 22:11:09;ACTION;end accum (CO_CommandManager.cpp,325)
﻿2020-09-22 22:11:11;ACTION;begin accum Create Drawing (CO_CommandManager.cpp,241)
﻿2020-09-22 22:11:11;ACTION;end accum (CO_CommandManager.cpp,325)
﻿2020-09-22 22:11:11;ACTION;end accum (CO_CommandManager.cpp,325)
﻿2020-09-22 22:11:11;ACTION;end accum (CO_CommandManager.cpp,325)
﻿2020-09-22 22:11:12;ACTION;Start unexecute depth 1 (CO_CommandManager.cpp,580)
﻿  2020-09-22 22:11:12;ACTION;Start execute Create Drawing  (class CO_Command * __ptr64) (CO_CommandManager.cpp,594)
﻿  2020-09-22 22:11:12;ACTION;End execute Create Drawing  (class CO_Command * __ptr64) (CO_CommandManager.cpp,594)
﻿2020-09-22 22:11:12;ACTION;End unexecute depth 1 (CO_CommandManager.cpp,580)
﻿2020-09-22 22:11:15;ACTION;begin accum Create Drawing (CO_CommandManager.cpp,241)
﻿2020-09-22 22:11:15;ACTION;end accum (CO_CommandManager.cpp,325)
﻿2020-09-22 22:11:15;ACTION;end accum (CO_CommandManager.cpp,325)
﻿2020-09-22 22:11:15;ACTION;end accum (CO_CommandManager.cpp,325)
﻿2020-09-22 22:11:15;ACTION;begin accum Drawing Tool (CO_CommandManager.cpp,241)
﻿2020-09-22 22:11:15;ACTION;end accum (CO_CommandManager.cpp,325)
﻿2020-09-22 22:11:15;ACTION;begin accum  (CO_CommandManager.cpp,241)
﻿2020-09-22 22:11:15;ACTION;end accum (CO_CommandManager.cpp,325)
﻿2020-09-22 22:11:15;ACTION;end accum (CO_CommandManager.cpp,325)
﻿2020-09-22 22:11:16;ACTION;Start unexecute depth 1 (CO_CommandManager.cpp,580)
﻿  2020-09-22 22:11:16;ACTION;Start execute Brush Tool  (class CO_Command * __ptr64) (CO_CommandManager.cpp,594)
﻿  2020-09-22 22:11:16;ACTION;End execute Brush Tool  (class CO_Command * __ptr64) (CO_CommandManager.cpp,594)
﻿2020-09-22 22:11:16;ACTION;End unexecute depth 1 (CO_CommandManager.cpp,580)
﻿2020-09-22 22:11:16;ACTION;Start unexecute depth 1 (CO_CommandManager.cpp,580)
﻿  2020-09-22 22:11:16;ACTION;Start execute Create Drawing  (class CO_Command * __ptr64) (CO_CommandManager.cpp,594)
﻿  2020-09-22 22:11:16;ACTION;End execute Create Drawing  (class CO_Command * __ptr64) (CO_CommandManager.cpp,594)
﻿2020-09-22 22:11:16;ACTION;End unexecute depth 1 (CO_CommandManager.cpp,580)
﻿2020-09-22 22:11:23;ACTION;begin accum Create Drawing (CO_CommandManager.cpp,241)
﻿2020-09-22 22:11:23;ACTION;end accum (CO_CommandManager.cpp,325)
﻿2020-09-22 22:11:23;ACTION;end accum (CO_CommandManager.cpp,325)
﻿2020-09-22 22:11:23;ACTION;end accum (CO_CommandManager.cpp,325)
﻿2020-09-22 22:11:23;ACTION;begin accum Drawing Tool (CO_CommandManager.cpp,241)
﻿2020-09-22 22:11:23;ACTION;end accum (CO_CommandManager.cpp,325)
﻿2020-09-22 22:11:23;ACTION;begin accum  (CO_CommandManager.cpp,241)
﻿2020-09-22 22:11:23;ACTION;end accum (CO_CommandManager.cpp,325)
﻿2020-09-22 22:11:23;ACTION;end accum (CO_CommandManager.cpp,325)
﻿2020-09-22 22:11:23;ACTION;Start unexecute depth 1 (CO_CommandManager.cpp,580)
﻿  2020-09-22 22:11:23;ACTION;Start execute Brush Tool  (class CO_Command * __ptr64) (CO_CommandManager.cpp,594)
﻿  2020-09-22 22:11:23;ACTION;End execute Brush Tool  (class CO_Command * __ptr64) (CO_CommandManager.cpp,594)
﻿2020-09-22 22:11:23;ACTION;End unexecute depth 1 (CO_CommandManager.cpp,580)
﻿2020-09-22 22:11:24;ACTION;Start unexecute depth 1 (CO_CommandManager.cpp,580)
﻿  2020-09-22 22:11:24;ACTION;Start execute Create Drawing  (class CO_Command * __ptr64) (CO_CommandManager.cpp,594)
﻿  2020-09-22 22:11:24;ACTION;End execute Create Drawing  (class CO_Command * __ptr64) (CO_CommandManager.cpp,594)
﻿2020-09-22 22:11:24;ACTION;End unexecute depth 1 (CO_CommandManager.cpp,580)
﻿2020-09-22 22:11:26;ACTION;begin accum Create Drawing (CO_CommandManager.cpp,241)
﻿2020-09-22 22:11:26;ACTION;end accum (CO_CommandManager.cpp,325)
﻿2020-09-22 22:11:26;ACTION;end accum (CO_CommandManager.cpp,325)
﻿2020-09-22 22:11:26;ACTION;end accum (CO_CommandManager.cpp,325)
﻿2020-09-22 22:11:27;ACTION;begin accum Drawing Tool (CO_CommandManager.cpp,241)
﻿2020-09-22 22:11:27;ACTION;end accum (CO_CommandManager.cpp,325)
﻿2020-09-22 22:11:27;ACTION;begin accum  (CO_CommandManager.cpp,241)
﻿2020-09-22 22:11:27;ACTION;end accum (CO_CommandManager.cpp,325)
﻿2020-09-22 22:11:27;ACTION;end accum (CO_CommandManager.cpp,325)
﻿2020-09-22 22:11:28;ACTION;Start unexecute depth 1 (CO_CommandManager.cpp,580)
﻿  2020-09-22 22:11:28;ACTION;Start execute Brush Tool  (class CO_Command * __ptr64) (CO_CommandManager.cpp,594)
﻿  2020-09-22 22:11:28;ACTION;End execute Brush Tool  (class CO_Command * __ptr64) (CO_CommandManager.cpp,594)
﻿2020-09-22 22:11:28;ACTION;End unexecute depth 1 (CO_CommandManager.cpp,580)
﻿2020-09-22 22:11:28;ACTION;Start unexecute depth 1 (CO_CommandManager.cpp,580)
﻿  2020-09-22 22:11:28;ACTION;Start execute Create Drawing  (class CO_Command * __ptr64) (CO_CommandManager.cpp,594)
﻿  2020-09-22 22:11:28;ACTION;End execute Create Drawing  (class CO_Command * __ptr64) (CO_CommandManager.cpp,594)
﻿2020-09-22 22:11:28;ACTION;End unexecute depth 1 (CO_CommandManager.cpp,580)
﻿2020-09-22 22:11:32;ACTION;begin accum Create Drawing (CO_CommandManager.cpp,241)
﻿2020-09-22 22:11:32;ACTION;end accum (CO_CommandManager.cpp,325)
﻿2020-09-22 22:11:32;ACTION;end accum (CO_CommandManager.cpp,325)
﻿2020-09-22 22:11:32;ACTION;end accum (CO_CommandManager.cpp,325)
﻿2020-09-22 22:11:32;ACTION;begin accum Drawing Tool (CO_CommandManager.cpp,241)
﻿2020-09-22 22:11:32;ACTION;end accum (CO_CommandManager.cpp,325)
﻿2020-09-22 22:11:32;ACTION;begin accum  (CO_CommandManager.cpp,241)
﻿2020-09-22 22:11:32;ACTION;end accum (CO_CommandManager.cpp,325)
﻿2020-09-22 22:11:32;ACTION;end accum (CO_CommandManager.cpp,325)
﻿2020-09-22 22:11:32;ACTION;begin accum Drawing Tool (CO_CommandManager.cpp,241)
﻿2020-09-22 22:11:32;ACTION;end accum (CO_CommandManager.cpp,325)
﻿2020-09-22 22:11:32;ACTION;begin accum  (CO_CommandManager.cpp,241)
﻿2020-09-22 22:11:32;ACTION;end accum (CO_CommandManager.cpp,325)
﻿2020-09-22 22:11:32;ACTION;end accum (CO_CommandManager.cpp,325)
﻿2020-09-22 22:11:33;ACTION;begin accum Drawing Tool (CO_CommandManager.cpp,241)
﻿2020-09-22 22:11:33;ACTION;end accum (CO_CommandManager.cpp,325)
﻿2020-09-22 22:11:33;ACTION;begin accum  (CO_CommandManager.cpp,241)
﻿2020-09-22 22:11:33;ACTION;end accum (CO_CommandManager.cpp,325)
﻿2020-09-22 22:11:33;ACTION;end accum (CO_CommandManager.cpp,325)
﻿2020-09-22 22:11:37;ACTION;begin accum Create Layer (CO_CommandManager.cpp,241)
﻿2020-09-22 22:11:37;ACTION;end accum (CO_CommandManager.cpp,325)
﻿2020-09-22 22:11:40;ACTION;begin accum Create Drawing (CO_CommandManager.cpp,241)
﻿2020-09-22 22:11:40;ACTION;end accum (CO_CommandManager.cpp,325)
﻿2020-09-22 22:11:40;ACTION;end accum (CO_CommandManager.cpp,325)
﻿2020-09-22 22:11:40;ACTION;end accum (CO_CommandManager.cpp,325)
﻿2020-09-22 22:11:41;ACTION;begin accum Drawing Tool (CO_CommandManager.cpp,241)
﻿2020-09-22 22:11:41;ACTION;end accum (CO_CommandManager.cpp,325)
﻿2020-09-22 22:11:41;ACTION;begin accum  (CO_CommandManager.cpp,241)
﻿2020-09-22 22:11:41;ACTION;end accum (CO_CommandManager.cpp,325)
﻿2020-09-22 22:11:41;ACTION;end accum (CO_CommandManager.cpp,325)
﻿2020-09-22 22:11:41;ACTION;begin accum Drawing Tool (CO_CommandManager.cpp,241)
﻿2020-09-22 22:11:41;ACTION;end accum (CO_CommandManager.cpp,325)
﻿2020-09-22 22:11:41;ACTION;begin accum  (CO_CommandManager.cpp,241)
﻿2020-09-22 22:11:41;ACTION;end accum (CO_CommandManager.cpp,325)
﻿2020-09-22 22:11:41;ACTION;end accum (CO_CommandManager.cpp,325)
﻿2020-09-22 22:11:41;ACTION;begin accum Drawing Tool (CO_CommandManager.cpp,241)
﻿2020-09-22 22:11:41;ACTION;end accum (CO_CommandManager.cpp,325)
﻿2020-09-22 22:11:41;ACTION;begin accum  (CO_CommandManager.cpp,241)
﻿2020-09-22 22:11:41;ACTION;end accum (CO_CommandManager.cpp,325)
﻿2020-09-22 22:11:41;ACTION;end accum (CO_CommandManager.cpp,325)
﻿2020-09-22 22:11:43;ACTION;begin accum Remove Selected Layers (CO_CommandManager.cpp,241)
﻿2020-09-22 22:11:43;ACTION;end accum (CO_CommandManager.cpp,325)
﻿2020-09-22 22:11:43;ACTION;end accum (CO_CommandManager.cpp,325)
﻿2020-09-22 22:11:43;ACTION;end accum (CO_CommandManager.cpp,325)
﻿2020-09-22 22:11:43;ACTION;end accum (CO_CommandManager.cpp,325)
﻿2020-09-22 22:11:47;ACTION;begin accum Drawing Tool (CO_CommandManager.cpp,241)
﻿2020-09-22 22:11:47;ACTION;end accum (CO_CommandManager.cpp,325)
﻿2020-09-22 22:11:47;ACTION;begin accum  (CO_CommandManager.cpp,241)
﻿2020-09-22 22:11:47;ACTION;end accum (CO_CommandManager.cpp,325)
﻿2020-09-22 22:11:47;ACTION;end accum (CO_CommandManager.cpp,325)
﻿2020-09-22 22:11:48;ACTION;Start unexecute depth 1 (CO_CommandManager.cpp,580)
﻿  2020-09-22 22:11:48;ACTION;Start execute Brush Tool  (class CO_Command * __ptr64) (CO_CommandManager.cpp,594)
﻿  2020-09-22 22:11:48;ACTION;End execute Brush Tool  (class CO_Command * __ptr64) (CO_CommandManager.cpp,594)
﻿2020-09-22 22:11:48;ACTION;End unexecute depth 1 (CO_CommandManager.cpp,580)
﻿2020-09-22 22:11:50;ACTION;begin accum Drawing Tool (CO_CommandManager.cpp,241)
﻿2020-09-22 22:11:50;ACTION;end accum (CO_CommandManager.cpp,325)
﻿2020-09-22 22:11:50;ACTION;begin accum  (CO_CommandManager.cpp,241)
﻿2020-09-22 22:11:50;ACTION;end accum (CO_CommandManager.cpp,325)
﻿2020-09-22 22:11:50;ACTION;end accum (CO_CommandManager.cpp,325)
﻿2020-09-22 22:11:51;ACTION;begin accum Drawing Tool (CO_CommandManager.cpp,241)
﻿2020-09-22 22:11:51;ACTION;end accum (CO_CommandManager.cpp,325)
﻿2020-09-22 22:11:51;ACTION;begin accum  (CO_CommandManager.cpp,241)
﻿2020-09-22 22:11:51;ACTION;end accum (CO_CommandManager.cpp,325)
﻿2020-09-22 22:11:51;ACTION;end accum (CO_CommandManager.cpp,325)
﻿2020-09-22 22:11:51;ACTION;Start unexecute depth 1 (CO_CommandManager.cpp,580)
﻿  2020-09-22 22:11:51;ACTION;Start execute Brush Tool  (class CO_Command * __ptr64) (CO_CommandManager.cpp,594)
﻿  2020-09-22 22:11:51;ACTION;End execute Brush Tool  (class CO_Command * __ptr64) (CO_CommandManager.cpp,594)
﻿2020-09-22 22:11:51;ACTION;End unexecute depth 1 (CO_CommandManager.cpp,580)
﻿2020-09-22 22:11:51;ACTION;Start unexecute depth 1 (CO_CommandManager.cpp,580)
﻿  2020-09-22 22:11:51;ACTION;Start execute Brush Tool  (class CO_Command * __ptr64) (CO_CommandManager.cpp,594)
﻿  2020-09-22 22:11:51;ACTION;End execute Brush Tool  (class CO_Command * __ptr64) (CO_CommandManager.cpp,594)
﻿2020-09-22 22:11:51;ACTION;End unexecute depth 1 (CO_CommandManager.cpp,580)
﻿2020-09-22 22:11:52;ACTION;Start unexecute depth 1 (CO_CommandManager.cpp,580)
﻿  2020-09-22 22:11:52;ACTION;Start execute Remove Selected Layers  (class CO_Command * __ptr64) (CO_CommandManager.cpp,594)
﻿  2020-09-22 22:11:52;ACTION;End execute Remove Selected Layers  (class CO_Command * __ptr64) (CO_CommandManager.cpp,594)
﻿2020-09-22 22:11:52;ACTION;End unexecute depth 1 (CO_CommandManager.cpp,580)
﻿2020-09-22 22:11:52;ACTION;Start unexecute depth 1 (CO_CommandManager.cpp,580)
﻿  2020-09-22 22:11:52;ACTION;Start execute Brush Tool  (class CO_Command * __ptr64) (CO_CommandManager.cpp,594)
﻿  2020-09-22 22:11:52;ACTION;End execute Brush Tool  (class CO_Command * __ptr64) (CO_CommandManager.cpp,594)
﻿2020-09-22 22:11:52;ACTION;End unexecute depth 1 (CO_CommandManager.cpp,580)
﻿2020-09-22 22:11:52;ACTION;Start unexecute depth 1 (CO_CommandManager.cpp,580)
﻿  2020-09-22 22:11:52;ACTION;Start execute Brush Tool  (class CO_Command * __ptr64) (CO_CommandManager.cpp,594)
﻿  2020-09-22 22:11:52;ACTION;End execute Brush Tool  (class CO_Command * __ptr64) (CO_CommandManager.cpp,594)
﻿2020-09-22 22:11:52;ACTION;End unexecute depth 1 (CO_CommandManager.cpp,580)
﻿2020-09-22 22:11:53;ACTION;Start unexecute depth 1 (CO_CommandManager.cpp,580)
﻿  2020-09-22 22:11:53;ACTION;Start execute Brush Tool  (class CO_Command * __ptr64) (CO_CommandManager.cpp,594)
﻿  2020-09-22 22:11:53;ACTION;End execute Brush Tool  (class CO_Command * __ptr64) (CO_CommandManager.cpp,594)
﻿2020-09-22 22:11:53;ACTION;End unexecute depth 1 (CO_CommandManager.cpp,580)
﻿2020-09-22 22:11:53;ACTION;Start unexecute depth 1 (CO_CommandManager.cpp,580)
﻿  2020-09-22 22:11:53;ACTION;Start execute Create Drawing  (class CO_Command * __ptr64) (CO_CommandManager.cpp,594)
﻿  2020-09-22 22:11:53;ACTION;End execute Create Drawing  (class CO_Command * __ptr64) (CO_CommandManager.cpp,594)
﻿2020-09-22 22:11:53;ACTION;End unexecute depth 1 (CO_CommandManager.cpp,580)
﻿2020-09-22 22:11:53;ACTION;Start unexecute depth 1 (CO_CommandManager.cpp,580)
﻿  2020-09-22 22:11:53;ACTION;Start execute Create Layer  (class CO_Command * __ptr64) (CO_CommandManager.cpp,594)
﻿  2020-09-22 22:11:53;ACTION;End execute Create Layer  (class CO_Command * __ptr64) (CO_CommandManager.cpp,594)
﻿2020-09-22 22:11:53;ACTION;End unexecute depth 1 (CO_CommandManager.cpp,580)
﻿2020-09-22 22:11:53;ACTION;Start unexecute depth 1 (CO_CommandManager.cpp,580)
﻿  2020-09-22 22:11:53;ACTION;Start execute Brush Tool  (class CO_Command * __ptr64) (CO_CommandManager.cpp,594)
﻿  2020-09-22 22:11:53;ACTION;End execute Brush Tool  (class CO_Command * __ptr64) (CO_CommandManager.cpp,594)
﻿2020-09-22 22:11:53;ACTION;End unexecute depth 1 (CO_CommandManager.cpp,580)
﻿2020-09-22 22:11:54;ACTION;Start unexecute depth 1 (CO_CommandManager.cpp,580)
﻿  2020-09-22 22:11:54;ACTION;Start execute Brush Tool  (class CO_Command * __ptr64) (CO_CommandManager.cpp,594)
﻿  2020-09-22 22:11:54;ACTION;End execute Brush Tool  (class CO_Command * __ptr64) (CO_CommandManager.cpp,594)
﻿2020-09-22 22:11:54;ACTION;End unexecute depth 1 (CO_CommandManager.cpp,580)
﻿2020-09-22 22:11:54;ACTION;Start unexecute depth 1 (CO_CommandManager.cpp,580)
﻿  2020-09-22 22:11:54;ACTION;Start execute Brush Tool  (class CO_Command * __ptr64) (CO_CommandManager.cpp,594)
﻿  2020-09-22 22:11:54;ACTION;End execute Brush Tool  (class CO_Command * __ptr64) (CO_CommandManager.cpp,594)
﻿2020-09-22 22:11:54;ACTION;End unexecute depth 1 (CO_CommandManager.cpp,580)
﻿2020-09-22 22:11:54;ACTION;Start unexecute depth 1 (CO_CommandManager.cpp,580)
﻿  2020-09-22 22:11:54;ACTION;Start execute Create Drawing  (class CO_Command * __ptr64) (CO_CommandManager.cpp,594)
﻿  2020-09-22 22:11:54;ACTION;End execute Create Drawing  (class CO_Command * __ptr64) (CO_CommandManager.cpp,594)
﻿2020-09-22 22:11:54;ACTION;End unexecute depth 1 (CO_CommandManager.cpp,580)
﻿2020-09-22 22:12:48;ACTION;begin accum Create Drawing (CO_CommandManager.cpp,241)
﻿2020-09-22 22:12:48;ACTION;end accum (CO_CommandManager.cpp,325)
﻿2020-09-22 22:12:48;ACTION;end accum (CO_CommandManager.cpp,325)
﻿2020-09-22 22:12:48;ACTION;end accum (CO_CommandManager.cpp,325)
﻿2020-09-22 22:13:10;ACTION;begin accum  (CO_CommandManager.cpp,241)
﻿2020-09-22 22:13:10;ACTION;end accum (CO_CommandManager.cpp,325)
﻿2020-09-22 22:13:17;ACTION;begin accum Contour Editing (CO_CommandManager.cpp,241)
﻿2020-09-22 22:13:17;ACTION;end accum (CO_CommandManager.cpp,325)
﻿2020-09-22 22:13:18;ACTION;begin accum Contour Editing (CO_CommandManager.cpp,241)
﻿2020-09-22 22:13:18;ACTION;end accum (CO_CommandManager.cpp,325)
﻿2020-09-22 22:13:23;ACTION;begin accum Contour Editing (CO_CommandManager.cpp,241)
﻿2020-09-22 22:13:23;ACTION;end accum (CO_CommandManager.cpp,325)
﻿2020-09-22 22:13:25;ACTION;begin accum  (CO_CommandManager.cpp,241)
﻿2020-09-22 22:13:25;ACTION;end accum (CO_CommandManager.cpp,325)
﻿2020-09-22 22:13:33;ACTION;begin accum  (CO_CommandManager.cpp,241)
﻿2020-09-22 22:13:33;ACTION;end accum (CO_CommandManager.cpp,325)
﻿2020-09-22 22:13:34;ACTION;begin accum Add Panel (CO_CommandManager.cpp,241)
﻿2020-09-22 22:13:34;ACTION;end accum (CO_CommandManager.cpp,325)
﻿2020-09-22 22:13:34;ACTION;end accum (CO_CommandManager.cpp,325)
﻿2020-09-22 22:13:34;ACTION;begin accum Add Panel (CO_CommandManager.cpp,241)
﻿2020-09-22 22:13:34;ACTION;end accum (CO_CommandManager.cpp,325)
﻿2020-09-22 22:13:34;ACTION;end accum (CO_CommandManager.cpp,325)
﻿2020-09-22 22:13:39;ACTION;begin accum Remove Selected Layers (CO_CommandManager.cpp,241)
﻿2020-09-22 22:13:39;ACTION;end accum (CO_CommandManager.cpp,325)
﻿2020-09-22 22:13:39;ACTION;end accum (CO_CommandManager.cpp,325)
﻿2020-09-22 22:13:39;ACTION;end accum (CO_CommandManager.cpp,325)
﻿2020-09-22 22:13:39;ACTION;end accum (CO_CommandManager.cpp,325)
﻿2020-09-22 22:13:41;ACTION;begin accum Remove Selected Layers (CO_CommandManager.cpp,241)
﻿2020-09-22 22:13:41;ACTION;end accum (CO_CommandManager.cpp,325)
﻿2020-09-22 22:13:41;ACTION;end accum (CO_CommandManager.cpp,325)
﻿2020-09-22 22:13:41;ACTION;end accum (CO_CommandManager.cpp,325)
﻿2020-09-22 22:13:41;ACTION;end accum (CO_CommandManager.cpp,325)
﻿2020-09-22 22:13:41;ACTION;end accum (CO_CommandManager.cpp,325)
﻿2020-09-22 22:13:48;ACTION;begin accum  (CO_CommandManager.cpp,241)
﻿2020-09-22 22:13:48;ACTION;end accum (CO_CommandManager.cpp,325)
﻿2020-09-22 22:13:50;ACTION;begin accum Create Drawing (CO_CommandManager.cpp,241)
﻿2020-09-22 22:13:50;ACTION;end accum (CO_CommandManager.cpp,325)
﻿2020-09-22 22:13:50;ACTION;end accum (CO_CommandManager.cpp,325)
﻿2020-09-22 22:13:50;ACTION;end accum (CO_CommandManager.cpp,325)
﻿2020-09-22 22:13:52;ACTION;begin accum Drawing Tool (CO_CommandManager.cpp,241)
﻿2020-09-22 22:13:52;ACTION;end accum (CO_CommandManager.cpp,325)
﻿2020-09-22 22:13:52;ACTION;begin accum  (CO_CommandManager.cpp,241)
﻿2020-09-22 22:13:52;ACTION;end accum (CO_CommandManager.cpp,325)
﻿2020-09-22 22:13:52;ACTION;end accum (CO_CommandManager.cpp,325)
﻿2020-09-22 22:13:56;ACTION;begin accum  (CO_CommandManager.cpp,241)
﻿2020-09-22 22:13:56;ACTION;end accum (CO_CommandManager.cpp,325)
﻿2020-09-22 22:13:58;ACTION;begin accum  (CO_CommandManager.cpp,241)
﻿2020-09-22 22:13:58;ACTION;end accum (CO_CommandManager.cpp,325)
﻿2020-09-22 22:13:58;ACTION;end accum (CO_CommandManager.cpp,325)
﻿2020-09-22 22:13:59;ACTION;begin accum  (CO_CommandManager.cpp,241)
﻿2020-09-22 22:13:59;ACTION;end accum (CO_CommandManager.cpp,325)
﻿2020-09-22 22:13:59;ACTION;end accum (CO_CommandManager.cpp,325)
﻿2020-09-22 22:14:00;ACTION;begin accum  (CO_CommandManager.cpp,241)
﻿2020-09-22 22:14:00;ACTION;end accum (CO_CommandManager.cpp,325)
﻿2020-09-22 22:14:00;ACTION;end accum (CO_CommandManager.cpp,325)
﻿2020-09-22 22:14:01;ACTION;begin accum  (CO_CommandManager.cpp,241)
﻿2020-09-22 22:14:01;ACTION;end accum (CO_CommandManager.cpp,325)
﻿2020-09-22 22:14:01;ACTION;end accum (CO_CommandManager.cpp,325)
﻿2020-09-22 22:14:01;ACTION;begin accum  (CO_CommandManager.cpp,241)
﻿2020-09-22 22:14:01;ACTION;end accum (CO_CommandManager.cpp,325)
﻿2020-09-22 22:14:01;ACTION;end accum (CO_CommandManager.cpp,325)
﻿2020-09-22 22:14:02;ACTION;begin accum  (CO_CommandManager.cpp,241)
﻿2020-09-22 22:14:02;ACTION;end accum (CO_CommandManager.cpp,325)
﻿2020-09-22 22:14:02;ACTION;end accum (CO_CommandManager.cpp,325)
﻿2020-09-22 22:14:02;ACTION;begin accum  (CO_CommandManager.cpp,241)
﻿2020-09-22 22:14:02;ACTION;end accum (CO_CommandManager.cpp,325)
﻿2020-09-22 22:14:02;ACTION;end accum (CO_CommandManager.cpp,325)
﻿2020-09-22 22:14:03;ACTION;begin accum  (CO_CommandManager.cpp,241)
﻿2020-09-22 22:14:03;ACTION;end accum (CO_CommandManager.cpp,325)
﻿2020-09-22 22:14:04;ACTION;begin accum  (CO_CommandManager.cpp,241)
﻿2020-09-22 22:14:04;ACTION;end accum (CO_CommandManager.cpp,325)
﻿2020-09-22 22:14:04;ACTION;end accum (CO_CommandManager.cpp,325)
﻿2020-09-22 22:14:04;ACTION;begin accum  (CO_CommandManager.cpp,241)
﻿2020-09-22 22:14:04;ACTION;end accum (CO_CommandManager.cpp,325)
﻿2020-09-22 22:14:05;ACTION;begin accum  (CO_CommandManager.cpp,241)
﻿2020-09-22 22:14:05;ACTION;end accum (CO_CommandManager.cpp,325)
﻿2020-09-22 22:14:05;ACTION;begin accum  (CO_CommandManager.cpp,241)
﻿2020-09-22 22:14:05;ACTION;end accum (CO_CommandManager.cpp,325)
﻿2020-09-22 22:14:05;ACTION;end accum (CO_CommandManager.cpp,325)
﻿2020-09-22 22:14:06;ACTION;begin accum  (CO_CommandManager.cpp,241)
﻿2020-09-22 22:14:06;ACTION;end accum (CO_CommandManager.cpp,325)
﻿2020-09-22 22:14:08;ACTION;begin accum Contour Editing (CO_CommandManager.cpp,241)
﻿2020-09-22 22:14:08;ACTION;end accum (CO_CommandManager.cpp,325)
﻿2020-09-22 22:14:39;ACTION;begin accum Drawing Tool (CO_CommandManager.cpp,241)
﻿2020-09-22 22:14:39;ACTION;end accum (CO_CommandManager.cpp,325)
﻿2020-09-22 22:14:39;ACTION;begin accum  (CO_CommandManager.cpp,241)
﻿2020-09-22 22:14:39;ACTION;end accum (CO_CommandManager.cpp,325)
﻿2020-09-22 22:14:39;ACTION;end accum (CO_CommandManager.cpp,325)
﻿2020-09-22 22:14:41;ACTION;begin accum Drawing Tool (CO_CommandManager.cpp,241)
﻿2020-09-22 22:14:41;ACTION;end accum (CO_CommandManager.cpp,325)
﻿2020-09-22 22:14:41;ACTION;begin accum  (CO_CommandManager.cpp,241)
﻿2020-09-22 22:14:41;ACTION;end accum (CO_CommandManager.cpp,325)
﻿2020-09-22 22:14:41;ACTION;end accum (CO_CommandManager.cpp,325)
﻿2020-09-22 22:16:13;Delete;C:/Users/Claire/AppData/Roaming/Toon Boom Animation/Toon Boom Storyboard Pro/full-17100-pref/Storyboard Pro-pref.xml~; OK 
﻿2020-09-22 22:16:13;Rename;C:/Users/Claire/AppData/Roaming/Toon Boom Animation/Toon Boom Storyboard Pro/full-17100-pref/Storyboard Pro-pref.xml;Storyboard Pro-pref.xml~ OK 
﻿2020-09-22 22:16:13;Rename;C:/Users/Claire/AppData/Roaming/Toon Boom Animation/Toon Boom Storyboard Pro/full-17100-pref/Storyboard Pro-pref.xml+;Storyboard Pro-pref.xml OK 
﻿2020-09-22 22:16:23;ACTION;Start Closing project
﻿  2020-09-22 22:16:23;Delete;D:/Github/Production-Studio/Project_1/itsMeowOrNever/itsMeowOrNever.sboard.lock; OK 
﻿  2020-09-22 22:16:24;Delete;C:/Users/Claire/AppData/Local/Temp/ToonBoomSessionTempDir/16244_20200922_221043080_itsMeowOrNever.cache.sqlite; OK 
﻿2020-09-22 22:16:24;ACTION;End Closing project
